#
# A fatal error has been detected by the Java Runtime Environment:
#
#  EXCEPTION_ACCESS_VIOLATION (0xc0000005) at pc=0x00007ffc994bc75d, pid=7172, tid=9552
#
# JRE version: OpenJDK Runtime Environment Corretto-19.0.2.7.1 (19.0.2+7) (build 19.0.2+7-FR)
# Java VM: OpenJDK 64-Bit Server VM Corretto-19.0.2.7.1 (19.0.2+7-FR, mixed mode, sharing, tiered, compressed oops, compressed class ptrs, g1 gc, windows-amd64)
# Problematic frame:
# C  [lwjgl_opengl.dll+0xc75d]
#
# No core dump will be written. Minidumps are not enabled by default on client versions of Windows
#
# If you would like to submit a bug report, please visit:
#   https://github.com/corretto/corretto-19/issues/
# The crash happened outside the Java Virtual Machine in native code.
# See problematic frame for where to report the bug.
#

---------------  S U M M A R Y ------------

Command Line: -javaagent:C:\Program Files\JetBrains\IntelliJ IDEA Community Edition 2024.2.0.2\lib\idea_rt.jar=55949:C:\Program Files\JetBrains\IntelliJ IDEA Community Edition 2024.2.0.2\bin -Dfile.encoding=UTF-8 -Dsun.stdout.encoding=UTF-8 -Dsun.stderr.encoding=UTF-8 Game.Main

Host: Intel(R) Core(TM) i5-9400F CPU @ 2.90GHz, 6 cores, 15G,  Windows 11 , 64 bit Build 22621 (10.0.22621.4391)
Time: Tue Dec 31 22:27:26 2024 Hora padrão América do Sul Or. elapsed time: 1.121495 seconds (0d 0h 0m 1s)

---------------  T H R E A D  ---------------

Current thread (0x000001c24c69cf80):  JavaThread "main" [_thread_in_native, id=9552, stack(0x000000b2e6f00000,0x000000b2e7000000)]

Stack: [0x000000b2e6f00000,0x000000b2e7000000],  sp=0x000000b2e6ffee78,  free space=1019k
Native frames: (J=compiled Java code, j=interpreted, Vv=VM code, C=native code)
C  [lwjgl_opengl.dll+0xc75d]

Java frames: (J=compiled Java code, j=interpreted, Vv=VM code)
j  org.lwjgl.opengl.GL11C.nglGenTextures(IJ)V+0
j  org.lwjgl.opengl.GL11C.glGenTextures()I+20
j  org.lwjgl.opengl.GL11.glGenTextures()I+0
j  Utils.TextRenderer.uploadTexture(Ljava/awt/image/BufferedImage;)V+144
j  Utils.TextRenderer.generateBitmap()V+401
j  Utils.TextRenderer.<init>(Ljava/lang/String;I)V+26
j  Game.Game.<init>(Ljava/lang/String;II)V+13
j  Game.Main.main([Ljava/lang/String;)V+12
v  ~StubRoutines::call_stub 0x000001c25d58100e

siginfo: EXCEPTION_ACCESS_VIOLATION (0xc0000005), reading address 0x00000000000002d8


Registers:
RAX=0x000001c27df3ad60, RBX=0x000001c2723445a8, RCX=0x0000000000000001, RDX=0x000001c27df778ec
RSP=0x000000b2e6ffee78, RBP=0x000000b2e6ffef00, RSI=0x000001c27224f1c8, RDI=0x000001c25d59b865
R8 =0x0000000000000001, R9 =0x000001c27df778ec, R10=0x0000000000000000, R11=0x000000070fcc6d00
R12=0x0000000000000000, R13=0x000001c2723445a8, R14=0x000000b2e6ffef30, R15=0x000001c24c69cf80
RIP=0x00007ffc994bc75d, EFLAGS=0x0000000000010283


Register to memory mapping:

RIP=0x00007ffc994bc75d lwjgl_opengl.dll
RAX=0x000001c27df3ad60 points into unknown readable memory: 0x0000000000000000 | 00 00 00 00 00 00 00 00
RBX={method} {0x000001c2723445b0} 'nglGenTextures' '(IJ)V' in 'org/lwjgl/opengl/GL11C'
RCX=0x0000000000000001 is an unknown value
RDX=0x000001c27df778ec points into unknown readable memory: 00 00 00 00
RSP=0x000000b2e6ffee78 is pointing into the stack for thread: 0x000001c24c69cf80
RBP=0x000000b2e6ffef00 is pointing into the stack for thread: 0x000001c24c69cf80
RSI=0x000001c27224f1c8 is pointing into metadata
RDI=0x000001c25d59b865 is at code_begin+1317 in an Interpreter codelet
return entry points  [0x000001c25d59b340, 0x000001c25d59be20]  2784 bytes
R8 =0x0000000000000001 is an unknown value
R9 =0x000001c27df778ec points into unknown readable memory: 00 00 00 00
R10=0x0 is NULL
R11=0x000000070fcc6d00 is an oop: java.lang.Class 
{0x000000070fcc6d00} - klass: 'java/lang/Class'
 - ---- fields (total size 116 words):
 - private volatile transient 'classRedefinedCount' 'I' @12  0
 - abstract internal 'klass' 'J' @16  34377331896 (10c74b8 8)
 - abstract internal 'array_klass' 'J' @24  0 (0 0)
 - abstract internal 'oop_size' 'I' @32  116 (74)
 - abstract internal 'static_oop_field_count' 'I' @36  0
 - private volatile transient 'cachedConstructor' 'Ljava/lang/reflect/Constructor;' @40  NULL (0)
 - private transient 'name' 'Ljava/lang/String;' @44  "org.lwjgl.opengl.GL11C"{0x000000070fcc70b0} (e1f98e16)
 - private transient 'module' 'Ljava/lang/Module;' @48  a 'java/lang/Module'{0x0000000710f3be60} (e21e77cc)
 - private final 'classLoader' 'Ljava/lang/ClassLoader;' @52  a 'jdk/internal/loader/ClassLoaders$AppClassLoader'{0x0000000710f3bca0} (e21e7794)
 - private transient 'classData' 'Ljava/lang/Object;' @56  NULL (0)
 - private transient 'packageName' 'Ljava/lang/String;' @60  "org.lwjgl.opengl"{0x000000071005e1d0} (e200bc3a)
 - private final 'componentType' 'Ljava/lang/Class;' @64  NULL (0)
 - private volatile transient 'reflectionData' 'Ljava/lang/ref/SoftReference;' @68  NULL (0)
 - private volatile transient 'genericInfo' 'Lsun/reflect/generics/repository/ClassRepository;' @72  NULL (0)
 - private volatile transient 'enumConstants' '[Ljava/lang/Object;' @76  NULL (0)
 - private volatile transient 'enumConstantDirectory' 'Ljava/util/Map;' @80  NULL (0)
 - private volatile transient 'annotationData' 'Ljava/lang/Class$AnnotationData;' @84  NULL (0)
 - private volatile transient 'annotationType' 'Lsun/reflect/annotation/AnnotationType;' @88  NULL (0)
 - transient 'classValueMap' 'Ljava/lang/ClassValue$ClassValueMap;' @92  NULL (0)
 - abstract internal 'protection_domain' 'Ljava/lang/Object;' @96  a 'java/security/ProtectionDomain'{0x0000000710082ff0} (e20105fe)
 - abstract internal 'signers_name' 'Ljava/lang/Object;' @100  NULL (0)
 - abstract internal 'source_file' 'Ljava/lang/Object;' @104  NULL (0)
 - signature: Lorg/lwjgl/opengl/GL11C;
 - ---- static fields (0):
 - public static final 'GL_NEVER' 'I' @112  512 (200)
 - public static final 'GL_LESS' 'I' @116  513 (201)
 - public static final 'GL_EQUAL' 'I' @120  514 (202)
 - public static final 'GL_LEQUAL' 'I' @124  515 (203)
 - public static final 'GL_GREATER' 'I' @128  516 (204)
 - public static final 'GL_NOTEQUAL' 'I' @132  517 (205)
 - public static final 'GL_GEQUAL' 'I' @136  518 (206)
 - public static final 'GL_ALWAYS' 'I' @140  519 (207)
 - public static final 'GL_DEPTH_BUFFER_BIT' 'I' @144  256 (100)
 - public static final 'GL_STENCIL_BUFFER_BIT' 'I' @148  1024 (400)
 - public static final 'GL_COLOR_BUFFER_BIT' 'I' @152  16384 (4000)
 - public static final 'GL_POINTS' 'I' @156  0
 - public static final 'GL_LINES' 'I' @160  1
 - public static final 'GL_LINE_LOOP' 'I' @164  2
 - public static final 'GL_LINE_STRIP' 'I' @168  3
 - public static final 'GL_TRIANGLES' 'I' @172  4
 - public static final 'GL_TRIANGLE_STRIP' 'I' @176  5
 - public static final 'GL_TRIANGLE_FAN' 'I' @180  6
 - public static final 'GL_QUADS' 'I' @184  7
 - public static final 'GL_ZERO' 'I' @188  0
 - public static final 'GL_ONE' 'I' @192  1
 - public static final 'GL_SRC_COLOR' 'I' @196  768 (300)
 - public static final 'GL_ONE_MINUS_SRC_COLOR' 'I' @200  769 (301)
 - public static final 'GL_SRC_ALPHA' 'I' @204  770 (302)
 - public static final 'GL_ONE_MINUS_SRC_ALPHA' 'I' @208  771 (303)
 - public static final 'GL_DST_ALPHA' 'I' @212  772 (304)
 - public static final 'GL_ONE_MINUS_DST_ALPHA' 'I' @216  773 (305)
 - public static final 'GL_DST_COLOR' 'I' @220  774 (306)
 - public static final 'GL_ONE_MINUS_DST_COLOR' 'I' @224  775 (307)
 - public static final 'GL_SRC_ALPHA_SATURATE' 'I' @228  776 (308)
 - public static final 'GL_TRUE' 'I' @232  1
 - public static final 'GL_FALSE' 'I' @236  0
 - public static final 'GL_BYTE' 'I' @240  5120 (1400)
 - public static final 'GL_UNSIGNED_BYTE' 'I' @244  5121 (1401)
 - public static final 'GL_SHORT' 'I' @248  5122 (1402)
 - public static final 'GL_UNSIGNED_SHORT' 'I' @252  5123 (1403)
 - public static final 'GL_INT' 'I' @256  5124 (1404)
 - public static final 'GL_UNSIGNED_INT' 'I' @260  5125 (1405)
 - public static final 'GL_FLOAT' 'I' @264  5126 (1406)
 - public static final 'GL_DOUBLE' 'I' @268  5130 (140a)
 - public static final 'GL_NONE' 'I' @272  0
 - public static final 'GL_FRONT_LEFT' 'I' @276  1024 (400)
 - public static final 'GL_FRONT_RIGHT' 'I' @280  1025 (401)
 - public static final 'GL_BACK_LEFT' 'I' @284  1026 (402)
 - public static final 'GL_BACK_RIGHT' 'I' @288  1027 (403)
 - public static final 'GL_FRONT' 'I' @292  1028 (404)
 - public static final 'GL_BACK' 'I' @296  1029 (405)
 - public static final 'GL_LEFT' 'I' @300  1030 (406)
 - public static final 'GL_RIGHT' 'I' @304  1031 (407)
 - public static final 'GL_FRONT_AND_BACK' 'I' @308  1032 (408)
 - public static final 'GL_NO_ERROR' 'I' @312  0
 - public static final 'GL_INVALID_ENUM' 'I' @316  1280 (500)
 - public static final 'GL_INVALID_VALUE' 'I' @320  1281 (501)
 - public static final 'GL_INVALID_OPERATION' 'I' @324  1282 (502)
 - public static final 'GL_STACK_OVERFLOW' 'I' @328  1283 (503)
 - public static final 'GL_STACK_UNDERFLOW' 'I' @332  1284 (504)
 - public static final 'GL_OUT_OF_MEMORY' 'I' @336  1285 (505)
 - public static final 'GL_CW' 'I' @340  2304 (900)
 - public static final 'GL_CCW' 'I' @344  2305 (901)
 - public static final 'GL_POINT_SIZE' 'I' @348  2833 (b11)
 - public static final 'GL_POINT_SIZE_RANGE' 'I' @352  2834 (b12)
 - public static final 'GL_POINT_SIZE_GRANULARITY' 'I' @356  2835 (b13)
 - public static final 'GL_LINE_SMOOTH' 'I' @360  2848 (b20)
 - public static final 'GL_LINE_WIDTH' 'I' @364  2849 (b21)
 - public static final 'GL_LINE_WIDTH_RANGE' 'I' @368  2850 (b22)
 - public static final 'GL_LINE_WIDTH_GRANULARITY' 'I' @372  2851 (b23)
 - public static final 'GL_POLYGON_MODE' 'I' @376  2880 (b40)
 - public static final 'GL_POLYGON_SMOOTH' 'I' @380  2881 (b41)
 - public static final 'GL_CULL_FACE' 'I' @384  2884 (b44)
 - public static final 'GL_CULL_FACE_MODE' 'I' @388  2885 (b45)
 - public static final 'GL_FRONT_FACE' 'I' @392  2886 (b46)
 - public static final 'GL_DEPTH_RANGE' 'I' @396  2928 (b70)
 - public static final 'GL_DEPTH_TEST' 'I' @400  2929 (b71)
 - public static final 'GL_DEPTH_WRITEMASK' 'I' @404  2930 (b72)
 - public static final 'GL_DEPTH_CLEAR_VALUE' 'I' @408  2931 (b73)
 - public static final 'GL_DEPTH_FUNC' 'I' @412  2932 (b74)
 - public static final 'GL_STENCIL_TEST' 'I' @416  2960 (b90)
 - public static final 'GL_STENCIL_CLEAR_VALUE' 'I' @420  2961 (b91)
 - public static final 'GL_STENCIL_FUNC' 'I' @424  2962 (b92)
 - public static final 'GL_STENCIL_VALUE_MASK' 'I' @428  2963 (b93)
 - public static final 'GL_STENCIL_FAIL' 'I' @432  2964 (b94)
 - public static final 'GL_STENCIL_PASS_DEPTH_FAIL' 'I' @436  2965 (b95)
 - public static final 'GL_STENCIL_PASS_DEPTH_PASS' 'I' @440  2966 (b96)
 - public static final 'GL_STENCIL_REF' 'I' @444  2967 (b97)
 - public static final 'GL_STENCIL_WRITEMASK' 'I' @448  2968 (b98)
 - public static final 'GL_VIEWPORT' 'I' @452  2978 (ba2)
 - public static final 'GL_DITHER' 'I' @456  3024 (bd0)
 - public static final 'GL_BLEND_DST' 'I' @460  3040 (be0)
 - public static final 'GL_BLEND_SRC' 'I' @464  3041 (be1)
 - public static final 'GL_BLEND' 'I' @468  3042 (be2)
 - public static final 'GL_LOGIC_OP_MODE' 'I' @472  3056 (bf0)
 - public static final 'GL_COLOR_LOGIC_OP' 'I' @476  3058 (bf2)
 - public static final 'GL_DRAW_BUFFER' 'I' @480  3073 (c01)
 - public static final 'GL_READ_BUFFER' 'I' @484  3074 (c02)
 - public static final 'GL_SCISSOR_BOX' 'I' @488  3088 (c10)
 - public static final 'GL_SCISSOR_TEST' 'I' @492  3089 (c11)
 - public static final 'GL_COLOR_CLEAR_VALUE' 'I' @496  3106 (c22)
 - public static final 'GL_COLOR_WRITEMASK' 'I' @500  3107 (c23)
 - public static final 'GL_DOUBLEBUFFER' 'I' @504  3122 (c32)
 - public static final 'GL_STEREO' 'I' @508  3123 (c33)
 - public static final 'GL_LINE_SMOOTH_HINT' 'I' @512  3154 (c52)
 - public static final 'GL_POLYGON_SMOOTH_HINT' 'I' @516  3155 (c53)
 - public static final 'GL_UNPACK_SWAP_BYTES' 'I' @520  3312 (cf0)
 - public static final 'GL_UNPACK_LSB_FIRST' 'I' @524  3313 (cf1)
 - public static final 'GL_UNPACK_ROW_LENGTH' 'I' @528  3314 (cf2)
 - public static final 'GL_UNPACK_SKIP_ROWS' 'I' @532  3315 (cf3)
 - public static final 'GL_UNPACK_SKIP_PIXELS' 'I' @536  3316 (cf4)
 - public static final 'GL_UNPACK_ALIGNMENT' 'I' @540  3317 (cf5)
 - public static final 'GL_PACK_SWAP_BYTES' 'I' @544  3328 (d00)
 - public static final 'GL_PACK_LSB_FIRST' 'I' @548  3329 (d01)
 - public static final 'GL_PACK_ROW_LENGTH' 'I' @552  3330 (d02)
 - public static final 'GL_PACK_SKIP_ROWS' 'I' @556  3331 (d03)
 - public static final 'GL_PACK_SKIP_PIXELS' 'I' @560  3332 (d04)
 - public static final 'GL_PACK_ALIGNMENT' 'I' @564  3333 (d05)
 - public static final 'GL_MAX_TEXTURE_SIZE' 'I' @568  3379 (d33)
 - public static final 'GL_MAX_VIEWPORT_DIMS' 'I' @572  3386 (d3a)
 - public static final 'GL_SUBPIXEL_BITS' 'I' @576  3408 (d50)
 - public static final 'GL_TEXTURE_1D' 'I' @580  3552 (de0)
 - public static final 'GL_TEXTURE_2D' 'I' @584  3553 (de1)
 - public static final 'GL_TEXTURE_WIDTH' 'I' @588  4096 (1000)
 - public static final 'GL_TEXTURE_HEIGHT' 'I' @592  4097 (1001)
 - public static final 'GL_TEXTURE_INTERNAL_FORMAT' 'I' @596  4099 (1003)
 - public static final 'GL_TEXTURE_BORDER_COLOR' 'I' @600  4100 (1004)
 - public static final 'GL_DONT_CARE' 'I' @604  4352 (1100)
 - public static final 'GL_FASTEST' 'I' @608  4353 (1101)
 - public static final 'GL_NICEST' 'I' @612  4354 (1102)
 - public static final 'GL_CLEAR' 'I' @616  5376 (1500)
 - public static final 'GL_AND' 'I' @620  5377 (1501)
 - public static final 'GL_AND_REVERSE' 'I' @624  5378 (1502)
 - public static final 'GL_COPY' 'I' @628  5379 (1503)
 - public static final 'GL_AND_INVERTED' 'I' @632  5380 (1504)
 - public static final 'GL_NOOP' 'I' @636  5381 (1505)
 - public static final 'GL_XOR' 'I' @640  5382 (1506)
 - public static final 'GL_OR' 'I' @644  5383 (1507)
 - public static final 'GL_NOR' 'I' @648  5384 (1508)
 - public static final 'GL_EQUIV' 'I' @652  5385 (1509)
 - public static final 'GL_INVERT' 'I' @656  5386 (150a)
 - public static final 'GL_OR_REVERSE' 'I' @660  5387 (150b)
 - public static final 'GL_COPY_INVERTED' 'I' @664  5388 (150c)
 - public static final 'GL_OR_INVERTED' 'I' @668  5389 (150d)
 - public static final 'GL_NAND' 'I' @672  5390 (150e)
 - public static final 'GL_SET' 'I' @676  5391 (150f)
 - public static final 'GL_TEXTURE' 'I' @680  5890 (1702)
 - public static final 'GL_COLOR' 'I' @684  6144 (1800)
 - public static final 'GL_DEPTH' 'I' @688  6145 (1801)
 - public static final 'GL_STENCIL' 'I' @692  6146 (1802)
 - public static final 'GL_STENCIL_INDEX' 'I' @696  6401 (1901)
 - public static final 'GL_DEPTH_COMPONENT' 'I' @700  6402 (1902)
 - public static final 'GL_RED' 'I' @704  6403 (1903)
 - public static final 'GL_GREEN' 'I' @708  6404 (1904)
 - public static final 'GL_BLUE' 'I' @712  6405 (1905)
 - public static final 'GL_ALPHA' 'I' @716  6406 (1906)
 - public static final 'GL_RGB' 'I' @720  6407 (1907)
 - public static final 'GL_RGBA' 'I' @724  6408 (1908)
 - public static final 'GL_POINT' 'I' @728  6912 (1b00)
 - public static final 'GL_LINE' 'I' @732  6913 (1b01)
 - public static final 'GL_FILL' 'I' @736  6914 (1b02)
 - public static final 'GL_KEEP' 'I' @740  7680 (1e00)
 - public static final 'GL_REPLACE' 'I' @744  7681 (1e01)
 - public static final 'GL_INCR' 'I' @748  7682 (1e02)
 - public static final 'GL_DECR' 'I' @752  7683 (1e03)
 - public static final 'GL_VENDOR' 'I' @756  7936 (1f00)
 - public static final 'GL_RENDERER' 'I' @760  7937 (1f01)
 - public static final 'GL_VERSION' 'I' @764  7938 (1f02)
 - public static final 'GL_EXTENSIONS' 'I' @768  7939 (1f03)
 - public static final 'GL_NEAREST' 'I' @772  9728 (2600)
 - public static final 'GL_LINEAR' 'I' @776  9729 (2601)
 - public static final 'GL_NEAREST_MIPMAP_NEAREST' 'I' @780  9984 (2700)
 - public static final 'GL_LINEAR_MIPMAP_NEAREST' 'I' @784  9985 (2701)
 - public static final 'GL_NEAREST_MIPMAP_LINEAR' 'I' @788  9986 (2702)
 - public static final 'GL_LINEAR_MIPMAP_LINEAR' 'I' @792  9987 (2703)
 - public static final 'GL_TEXTURE_MAG_FILTER' 'I' @796  10240 (2800)
 - public static final 'GL_TEXTURE_MIN_FILTER' 'I' @800  10241 (2801)
 - public static final 'GL_TEXTURE_WRAP_S' 'I' @804  10242 (2802)
 - public static final 'GL_TEXTURE_WRAP_T' 'I' @808  10243 (2803)
 - public static final 'GL_REPEAT' 'I' @812  10497 (2901)
 - public static final 'GL_POLYGON_OFFSET_FACTOR' 'I' @816  32824 (8038)
 - public static final 'GL_POLYGON_OFFSET_UNITS' 'I' @820  10752 (2a00)
 - public static final 'GL_POLYGON_OFFSET_POINT' 'I' @824  10753 (2a01)
 - public static final 'GL_POLYGON_OFFSET_LINE' 'I' @828  10754 (2a02)
 - public static final 'GL_POLYGON_OFFSET_FILL' 'I' @832  32823 (8037)
 - public static final 'GL_R3_G3_B2' 'I' @836  10768 (2a10)
 - public static final 'GL_RGB4' 'I' @840  32847 (804f)
 - public static final 'GL_RGB5' 'I' @844  32848 (8050)
 - public static final 'GL_RGB8' 'I' @848  32849 (8051)
 - public static final 'GL_RGB10' 'I' @852  32850 (8052)
 - public static final 'GL_RGB12' 'I' @856  32851 (8053)
 - public static final 'GL_RGB16' 'I' @860  32852 (8054)
 - public static final 'GL_RGBA2' 'I' @864  32853 (8055)
 - public static final 'GL_RGBA4' 'I' @868  32854 (8056)
 - public static final 'GL_RGB5_A1' 'I' @872  32855 (8057)
 - public static final 'GL_RGBA8' 'I' @876  32856 (8058)
 - public static final 'GL_RGB10_A2' 'I' @880  32857 (8059)
 - public static final 'GL_RGBA12' 'I' @884  32858 (805a)
 - public static final 'GL_RGBA16' 'I' @888  32859 (805b)
 - public static final 'GL_TEXTURE_RED_SIZE' 'I' @892  32860 (805c)
 - public static final 'GL_TEXTURE_GREEN_SIZE' 'I' @896  32861 (805d)
 - public static final 'GL_TEXTURE_BLUE_SIZE' 'I' @900  32862 (805e)
 - public static final 'GL_TEXTURE_ALPHA_SIZE' 'I' @904  32863 (805f)
 - public static final 'GL_PROXY_TEXTURE_1D' 'I' @908  32867 (8063)
 - public static final 'GL_PROXY_TEXTURE_2D' 'I' @912  32868 (8064)
 - public static final 'GL_TEXTURE_BINDING_1D' 'I' @916  32872 (8068)
 - public static final 'GL_TEXTURE_BINDING_2D' 'I' @920  32873 (8069)
 - public static final 'GL_VERTEX_ARRAY' 'I' @924  32884 (8074)
R12=0x0 is NULL
R13={method} {0x000001c2723445b0} 'nglGenTextures' '(IJ)V' in 'org/lwjgl/opengl/GL11C'
R14=0x000000b2e6ffef30 is pointing into the stack for thread: 0x000001c24c69cf80
R15=0x000001c24c69cf80 is a thread


Top of Stack: (sp=0x000000b2e6ffee78)
0x000000b2e6ffee78:   000001c25d59f95d 000001c25d59b865
0x000000b2e6ffee88:   000001c25d59f650 000001c2723445a8
0x000000b2e6ffee98:   000001c27224f1c8 000000b2e6ffef18
0x000000b2e6ffeea8:   000001c25d59b865 000001c25d59f5f6
0x000000b2e6ffeeb8:   000000b2e6ffeeb8 000001c2723445a8
0x000000b2e6ffeec8:   000000b2e6ffef30 000001c27234e920
0x000000b2e6ffeed8:   0000000000000000 000000070fcc6d00
0x000000b2e6ffeee8:   000001c2723445a8 0000000000000000
0x000000b2e6ffeef8:   000000b2e6ffef20 000000b2e6ffef80
0x000000b2e6ffef08:   000001c25d59b796 000000070fcc6d00
0x000000b2e6ffef18:   000001c25d59d197 000001c27df778ec
0x000000b2e6ffef28:   0000000000000000 0000000000000001
0x000000b2e6ffef38:   000000b2e6ffef38 000001c27234472c
0x000000b2e6ffef48:   000000b2e6ffefb0 000001c27234e920
0x000000b2e6ffef58:   0000000000000000 000000070fcc6d00
0x000000b2e6ffef68:   000001c272344798 000000b2e6ffef20 

Instructions: (pc=0x00007ffc994bc75d)
0x00007ffc994bc65d:   cc cc cc 48 8b 01 41 0f b6 c8 48 8b 50 18 48 ff
0x00007ffc994bc66d:   a2 d0 01 00 00 cc cc cc cc cc cc cc cc cc cc cc
0x00007ffc994bc67d:   cc cc cc 48 8b 01 0f 28 cb 0f 28 c2 48 8b 48 18
0x00007ffc994bc68d:   48 ff a1 d8 01 00 00 cc cc cc cc cc cc cc cc cc
0x00007ffc994bc69d:   cc cc cc 48 8b 01 45 8b d8 44 8b 44 24 28 41 8b
0x00007ffc994bc6ad:   d1 41 8b cb 4c 8b 50 18 49 ff a2 e8 01 00 00 cc
0x00007ffc994bc6bd:   cc cc cc 48 8b 01 41 8b c8 48 8b 50 18 48 ff a2
0x00007ffc994bc6cd:   f0 01 00 00 cc cc cc cc cc cc cc cc cc cc cc cc
0x00007ffc994bc6dd:   cc cc cc 40 53 48 8b 01 41 8b d8 44 8b 44 24 30
0x00007ffc994bc6ed:   41 8b d1 4c 8b 4c 24 38 8b cb 4c 8b 50 18 5b 49
0x00007ffc994bc6fd:   ff a2 f8 01 00 00 cc cc cc cc cc cc cc cc cc cc
0x00007ffc994bc70d:   cc cc cc 48 8b 01 48 8b 48 18 48 ff a1 98 02 00
0x00007ffc994bc71d:   00 cc cc 48 8b 01 48 8b 48 18 48 ff a1 a0 02 00
0x00007ffc994bc72d:   00 cc cc 48 8b 01 41 8b c8 48 8b 50 18 48 ff a2
0x00007ffc994bc73d:   c8 02 00 00 cc cc cc cc cc cc cc cc cc cc cc cc
0x00007ffc994bc74d:   cc cc cc 48 8b 01 49 8b d1 41 8b c8 4c 8b 50 18
0x00007ffc994bc75d:   49 ff a2 d8 02 00 00 cc cc cc cc cc cc cc cc cc
0x00007ffc994bc76d:   cc cc cc 48 8b 01 49 8b d1 41 8b c8 4c 8b 50 18
0x00007ffc994bc77d:   49 ff a2 e0 02 00 00 cc cc cc cc cc cc cc cc cc
0x00007ffc994bc78d:   cc cc cc 48 8b 01 49 8b d1 41 8b c8 4c 8b 50 18
0x00007ffc994bc79d:   49 ff a2 f0 02 00 00 cc cc cc cc cc cc cc cc cc
0x00007ffc994bc7ad:   cc cc cc 48 8b 01 49 8b d1 41 8b c8 4c 8b 50 18
0x00007ffc994bc7bd:   49 ff a2 f8 02 00 00 cc cc cc cc cc cc cc cc cc
0x00007ffc994bc7cd:   cc cc cc 48 8b 01 49 8b d1 41 8b c8 4c 8b 50 18
0x00007ffc994bc7dd:   49 ff a2 00 03 00 00 cc cc cc cc cc cc cc cc cc
0x00007ffc994bc7ed:   cc cc cc 48 8b 01 49 8b d1 41 8b c8 4c 8b 50 18
0x00007ffc994bc7fd:   49 ff a2 08 03 00 00 cc cc cc cc cc cc cc cc cc
0x00007ffc994bc80d:   cc cc cc 48 8b 01 48 8b 48 18 48 8b 81 10 03 00
0x00007ffc994bc81d:   00 48 ff e0 cc cc cc cc cc cc cc cc cc cc cc cc
0x00007ffc994bc82d:   cc cc cc 48 8b 01 49 8b d1 41 8b c8 4c 8b 50 18
0x00007ffc994bc83d:   49 ff a2 68 03 00 00 cc cc cc cc cc cc cc cc cc
0x00007ffc994bc84d:   cc cc cc 48 8b 01 48 8b 48 18 48 8b 81 78 03 00 


Stack slot to memory mapping:
stack at sp + 0 slots: 0x000001c25d59f95d is at code_begin+1053 in an Interpreter codelet
method entry point (kind = native)  [0x000001c25d59f540, 0x000001c25d5a0050]  2832 bytes
stack at sp + 1 slots: 0x000001c25d59b865 is at code_begin+1317 in an Interpreter codelet
return entry points  [0x000001c25d59b340, 0x000001c25d59be20]  2784 bytes
stack at sp + 2 slots: 0x000001c25d59f650 is at code_begin+272 in an Interpreter codelet
method entry point (kind = native)  [0x000001c25d59f540, 0x000001c25d5a0050]  2832 bytes
stack at sp + 3 slots: {method} {0x000001c2723445b0} 'nglGenTextures' '(IJ)V' in 'org/lwjgl/opengl/GL11C'
stack at sp + 4 slots: 0x000001c27224f1c8 is pointing into metadata
stack at sp + 5 slots: 0x000000b2e6ffef18 is pointing into the stack for thread: 0x000001c24c69cf80
stack at sp + 6 slots: 0x000001c25d59b865 is at code_begin+1317 in an Interpreter codelet
return entry points  [0x000001c25d59b340, 0x000001c25d59be20]  2784 bytes
stack at sp + 7 slots: 0x000001c25d59f5f6 is at code_begin+182 in an Interpreter codelet
method entry point (kind = native)  [0x000001c25d59f540, 0x000001c25d5a0050]  2832 bytes


---------------  P R O C E S S  ---------------

Threads class SMR info:
_java_thread_list=0x000001c2763e71e0, length=17, elements={
0x000001c24c69cf80, 0x000001c2718bec70, 0x000001c2718bfc00, 0x000001c2718c0b90,
0x000001c2718c4840, 0x000001c2718c9690, 0x000001c2718ca160, 0x000001c2718cfa10,
0x000001c2718d33a0, 0x000001c275c38010, 0x000001c271897da0, 0x000001c275e1c4b0,
0x000001c275d6bea0, 0x000001c275f88e70, 0x000001c2760e5730, 0x000001c275fb97e0,
0x000001c27dd48ed0
}

Java Threads: ( => current thread )
=>0x000001c24c69cf80 JavaThread "main" [_thread_in_native, id=9552, stack(0x000000b2e6f00000,0x000000b2e7000000)]
  0x000001c2718bec70 JavaThread "Reference Handler" daemon [_thread_blocked, id=7816, stack(0x000000b2e7600000,0x000000b2e7700000)]
  0x000001c2718bfc00 JavaThread "Finalizer" daemon [_thread_blocked, id=15512, stack(0x000000b2e7700000,0x000000b2e7800000)]
  0x000001c2718c0b90 JavaThread "Signal Dispatcher" daemon [_thread_blocked, id=4460, stack(0x000000b2e7800000,0x000000b2e7900000)]
  0x000001c2718c4840 JavaThread "Attach Listener" daemon [_thread_blocked, id=11132, stack(0x000000b2e7900000,0x000000b2e7a00000)]
  0x000001c2718c9690 JavaThread "Service Thread" daemon [_thread_blocked, id=13360, stack(0x000000b2e7a00000,0x000000b2e7b00000)]
  0x000001c2718ca160 JavaThread "Monitor Deflation Thread" daemon [_thread_blocked, id=11712, stack(0x000000b2e7b00000,0x000000b2e7c00000)]
  0x000001c2718cfa10 JavaThread "C2 CompilerThread0" daemon [_thread_blocked, id=12044, stack(0x000000b2e7c00000,0x000000b2e7d00000)]
  0x000001c2718d33a0 JavaThread "C1 CompilerThread0" daemon [_thread_blocked, id=10844, stack(0x000000b2e7d00000,0x000000b2e7e00000)]
  0x000001c275c38010 JavaThread "Sweeper thread" daemon [_thread_blocked, id=15632, stack(0x000000b2e7e00000,0x000000b2e7f00000)]
  0x000001c271897da0 JavaThread "Common-Cleaner" daemon [_thread_blocked, id=12412, stack(0x000000b2e7f00000,0x000000b2e8000000)]
  0x000001c275e1c4b0 JavaThread "Monitor Ctrl-Break" daemon [_thread_in_native, id=8452, stack(0x000000b2e8000000,0x000000b2e8100000)]
  0x000001c275d6bea0 JavaThread "Notification Thread" daemon [_thread_blocked, id=16076, stack(0x000000b2e8100000,0x000000b2e8200000)]
  0x000001c275f88e70 JavaThread "Java2D Disposer" daemon [_thread_blocked, id=8480, stack(0x000000b2e8300000,0x000000b2e8400000)]
  0x000001c2760e5730 JavaThread "AWT-Shutdown" [_thread_blocked, id=16220, stack(0x000000b2e8400000,0x000000b2e8500000)]
  0x000001c275fb97e0 JavaThread "AWT-Windows" daemon [_thread_in_native, id=8268, stack(0x000000b2e8500000,0x000000b2e8600000)]
  0x000001c27dd48ed0 JavaThread "C2 CompilerThread1" daemon [_thread_blocked, id=1968, stack(0x000000b2e8860000,0x000000b2e8960000)]

Other Threads:
  0x000001c2718a8270 VMThread "VM Thread" [stack: 0x000000b2e7500000,0x000000b2e7600000] [id=13152]
  0x000001c275e1c9f0 WatcherThread "VM Periodic Task Thread" [stack: 0x000000b2e8200000,0x000000b2e8300000] [id=2164]
  0x000001c24c70eec0 WorkerThread "GC Thread#0" [stack: 0x000000b2e7000000,0x000000b2e7100000] [id=7072]
  0x000001c24c722340 ConcurrentGCThread "G1 Main Marker" [stack: 0x000000b2e7100000,0x000000b2e7200000] [id=12216]
  0x000001c24c722f10 WorkerThread "G1 Conc#0" [stack: 0x000000b2e7200000,0x000000b2e7300000] [id=6440]
  0x000001c27175f540 ConcurrentGCThread "G1 Refine#0" [stack: 0x000000b2e7300000,0x000000b2e7400000] [id=12012]
  0x000001c27175fe90 ConcurrentGCThread "G1 Service" [stack: 0x000000b2e7400000,0x000000b2e7500000] [id=6304]

Threads with active compile tasks:

VM state: not at safepoint (normal execution)

VM Mutex/Monitor currently owned by a thread: None

Heap address: 0x0000000701000000, size: 4080 MB, Compressed Oops mode: Zero based, Oop shift amount: 3

CDS archive(s) mapped at: [0x0000000800000000-0x0000000800c40000-0x0000000800c40000), size 12845056, SharedBaseAddress: 0x0000000800000000, ArchiveRelocationMode: 0.
Compressed class space mapped at: 0x0000000801000000-0x0000000841000000, reserved size: 1073741824
Narrow klass base: 0x0000000800000000, Narrow klass shift: 0, Narrow klass range: 0x100000000

GC Precious Log:
 CardTable entry size: 512
 Card Set container configuration: InlinePtr #cards 4 size 8 Array Of Cards #cards 16 size 48 Howl #buckets 8 coarsen threshold 3686 Howl Bitmap #cards 512 size 80 coarsen threshold 460 Card regions per heap region 1 cards per card region 4096
 CPUs: 6 total, 6 available
 Memory: 16317M
 Large Page Support: Disabled
 NUMA Support: Disabled
 Compressed Oops: Enabled (Zero based)
 Heap Region Size: 2M
 Heap Min Capacity: 8M
 Heap Initial Capacity: 256M
 Heap Max Capacity: 4080M
 Pre-touch: Disabled
 Parallel Workers: 6
 Concurrent Workers: 2
 Concurrent Refinement Workers: 6
 Periodic GC: Disabled

Heap:
 garbage-first heap   total 262144K, used 83968K [0x0000000701000000, 0x0000000800000000)
  region size 2048K, 10 young (20480K), 0 survivors (0K)
 Metaspace       used 7316K, committed 7552K, reserved 1114112K
  class space    used 565K, committed 704K, reserved 1048576K

Heap Regions: E=young(eden), S=young(survivor), O=old, HS=humongous(starts), HC=humongous(continues), CS=collection set, F=free, OA=open archive, CA=closed archive, TAMS=top-at-mark-start (previous, next)
|   0|0x0000000701000000, 0x0000000701200000, 0x0000000701200000|100%|HS|  |TAMS 0x0000000701000000, 0x0000000701000000| Complete 
|   1|0x0000000701200000, 0x0000000701400000, 0x0000000701400000|100%|HC|  |TAMS 0x0000000701200000, 0x0000000701200000| Complete 
|   2|0x0000000701400000, 0x0000000701600000, 0x0000000701600000|100%|HC|  |TAMS 0x0000000701400000, 0x0000000701400000| Complete 
|   3|0x0000000701600000, 0x0000000701800000, 0x0000000701800000|100%|HC|  |TAMS 0x0000000701600000, 0x0000000701600000| Complete 
|   4|0x0000000701800000, 0x0000000701a00000, 0x0000000701a00000|100%|HC|  |TAMS 0x0000000701800000, 0x0000000701800000| Complete 
|   5|0x0000000701a00000, 0x0000000701c00000, 0x0000000701c00000|100%|HC|  |TAMS 0x0000000701a00000, 0x0000000701a00000| Complete 
|   6|0x0000000701c00000, 0x0000000701e00000, 0x0000000701e00000|100%|HC|  |TAMS 0x0000000701c00000, 0x0000000701c00000| Complete 
|   7|0x0000000701e00000, 0x0000000702000000, 0x0000000702000000|100%|HC|  |TAMS 0x0000000701e00000, 0x0000000701e00000| Complete 
|   8|0x0000000702000000, 0x0000000702200000, 0x0000000702200000|100%|HC|  |TAMS 0x0000000702000000, 0x0000000702000000| Complete 
|   9|0x0000000702200000, 0x0000000702400000, 0x0000000702400000|100%|HC|  |TAMS 0x0000000702200000, 0x0000000702200000| Complete 
|  10|0x0000000702400000, 0x0000000702600000, 0x0000000702600000|100%|HC|  |TAMS 0x0000000702400000, 0x0000000702400000| Complete 
|  11|0x0000000702600000, 0x0000000702800000, 0x0000000702800000|100%|HC|  |TAMS 0x0000000702600000, 0x0000000702600000| Complete 
|  12|0x0000000702800000, 0x0000000702a00000, 0x0000000702a00000|100%|HC|  |TAMS 0x0000000702800000, 0x0000000702800000| Complete 
|  13|0x0000000702a00000, 0x0000000702c00000, 0x0000000702c00000|100%|HC|  |TAMS 0x0000000702a00000, 0x0000000702a00000| Complete 
|  14|0x0000000702c00000, 0x0000000702e00000, 0x0000000702e00000|100%|HC|  |TAMS 0x0000000702c00000, 0x0000000702c00000| Complete 
|  15|0x0000000702e00000, 0x0000000703000000, 0x0000000703000000|100%|HC|  |TAMS 0x0000000702e00000, 0x0000000702e00000| Complete 
|  16|0x0000000703000000, 0x0000000703200000, 0x0000000703200000|100%|HS|  |TAMS 0x0000000703000000, 0x0000000703000000| Complete 
|  17|0x0000000703200000, 0x0000000703400000, 0x0000000703400000|100%|HC|  |TAMS 0x0000000703200000, 0x0000000703200000| Complete 
|  18|0x0000000703400000, 0x0000000703600000, 0x0000000703600000|100%|HC|  |TAMS 0x0000000703400000, 0x0000000703400000| Complete 
|  19|0x0000000703600000, 0x0000000703800000, 0x0000000703800000|100%|HC|  |TAMS 0x0000000703600000, 0x0000000703600000| Complete 
|  20|0x0000000703800000, 0x0000000703a00000, 0x0000000703a00000|100%|HC|  |TAMS 0x0000000703800000, 0x0000000703800000| Complete 
|  21|0x0000000703a00000, 0x0000000703c00000, 0x0000000703c00000|100%|HC|  |TAMS 0x0000000703a00000, 0x0000000703a00000| Complete 
|  22|0x0000000703c00000, 0x0000000703e00000, 0x0000000703e00000|100%|HC|  |TAMS 0x0000000703c00000, 0x0000000703c00000| Complete 
|  23|0x0000000703e00000, 0x0000000704000000, 0x0000000704000000|100%|HC|  |TAMS 0x0000000703e00000, 0x0000000703e00000| Complete 
|  24|0x0000000704000000, 0x0000000704200000, 0x0000000704200000|100%|HC|  |TAMS 0x0000000704000000, 0x0000000704000000| Complete 
|  25|0x0000000704200000, 0x0000000704400000, 0x0000000704400000|100%|HC|  |TAMS 0x0000000704200000, 0x0000000704200000| Complete 
|  26|0x0000000704400000, 0x0000000704600000, 0x0000000704600000|100%|HC|  |TAMS 0x0000000704400000, 0x0000000704400000| Complete 
|  27|0x0000000704600000, 0x0000000704800000, 0x0000000704800000|100%|HC|  |TAMS 0x0000000704600000, 0x0000000704600000| Complete 
|  28|0x0000000704800000, 0x0000000704a00000, 0x0000000704a00000|100%|HC|  |TAMS 0x0000000704800000, 0x0000000704800000| Complete 
|  29|0x0000000704a00000, 0x0000000704c00000, 0x0000000704c00000|100%|HC|  |TAMS 0x0000000704a00000, 0x0000000704a00000| Complete 
|  30|0x0000000704c00000, 0x0000000704e00000, 0x0000000704e00000|100%|HC|  |TAMS 0x0000000704c00000, 0x0000000704c00000| Complete 
|  31|0x0000000704e00000, 0x0000000705000000, 0x0000000705000000|100%|HC|  |TAMS 0x0000000704e00000, 0x0000000704e00000| Complete 
|  32|0x0000000705000000, 0x0000000705000000, 0x0000000705200000|  0%| F|  |TAMS 0x0000000705000000, 0x0000000705000000| Untracked 
|  33|0x0000000705200000, 0x0000000705200000, 0x0000000705400000|  0%| F|  |TAMS 0x0000000705200000, 0x0000000705200000| Untracked 
|  34|0x0000000705400000, 0x0000000705400000, 0x0000000705600000|  0%| F|  |TAMS 0x0000000705400000, 0x0000000705400000| Untracked 
|  35|0x0000000705600000, 0x0000000705600000, 0x0000000705800000|  0%| F|  |TAMS 0x0000000705600000, 0x0000000705600000| Untracked 
|  36|0x0000000705800000, 0x0000000705800000, 0x0000000705a00000|  0%| F|  |TAMS 0x0000000705800000, 0x0000000705800000| Untracked 
|  37|0x0000000705a00000, 0x0000000705a00000, 0x0000000705c00000|  0%| F|  |TAMS 0x0000000705a00000, 0x0000000705a00000| Untracked 
|  38|0x0000000705c00000, 0x0000000705c00000, 0x0000000705e00000|  0%| F|  |TAMS 0x0000000705c00000, 0x0000000705c00000| Untracked 
|  39|0x0000000705e00000, 0x0000000705e00000, 0x0000000706000000|  0%| F|  |TAMS 0x0000000705e00000, 0x0000000705e00000| Untracked 
|  40|0x0000000706000000, 0x0000000706000000, 0x0000000706200000|  0%| F|  |TAMS 0x0000000706000000, 0x0000000706000000| Untracked 
|  41|0x0000000706200000, 0x0000000706200000, 0x0000000706400000|  0%| F|  |TAMS 0x0000000706200000, 0x0000000706200000| Untracked 
|  42|0x0000000706400000, 0x0000000706400000, 0x0000000706600000|  0%| F|  |TAMS 0x0000000706400000, 0x0000000706400000| Untracked 
|  43|0x0000000706600000, 0x0000000706600000, 0x0000000706800000|  0%| F|  |TAMS 0x0000000706600000, 0x0000000706600000| Untracked 
|  44|0x0000000706800000, 0x0000000706800000, 0x0000000706a00000|  0%| F|  |TAMS 0x0000000706800000, 0x0000000706800000| Untracked 
|  45|0x0000000706a00000, 0x0000000706a00000, 0x0000000706c00000|  0%| F|  |TAMS 0x0000000706a00000, 0x0000000706a00000| Untracked 
|  46|0x0000000706c00000, 0x0000000706c00000, 0x0000000706e00000|  0%| F|  |TAMS 0x0000000706c00000, 0x0000000706c00000| Untracked 
|  47|0x0000000706e00000, 0x0000000706e00000, 0x0000000707000000|  0%| F|  |TAMS 0x0000000706e00000, 0x0000000706e00000| Untracked 
|  48|0x0000000707000000, 0x0000000707000000, 0x0000000707200000|  0%| F|  |TAMS 0x0000000707000000, 0x0000000707000000| Untracked 
|  49|0x0000000707200000, 0x0000000707200000, 0x0000000707400000|  0%| F|  |TAMS 0x0000000707200000, 0x0000000707200000| Untracked 
|  50|0x0000000707400000, 0x0000000707400000, 0x0000000707600000|  0%| F|  |TAMS 0x0000000707400000, 0x0000000707400000| Untracked 
|  51|0x0000000707600000, 0x0000000707600000, 0x0000000707800000|  0%| F|  |TAMS 0x0000000707600000, 0x0000000707600000| Untracked 
|  52|0x0000000707800000, 0x0000000707800000, 0x0000000707a00000|  0%| F|  |TAMS 0x0000000707800000, 0x0000000707800000| Untracked 
|  53|0x0000000707a00000, 0x0000000707a00000, 0x0000000707c00000|  0%| F|  |TAMS 0x0000000707a00000, 0x0000000707a00000| Untracked 
|  54|0x0000000707c00000, 0x0000000707c00000, 0x0000000707e00000|  0%| F|  |TAMS 0x0000000707c00000, 0x0000000707c00000| Untracked 
|  55|0x0000000707e00000, 0x0000000707e00000, 0x0000000708000000|  0%| F|  |TAMS 0x0000000707e00000, 0x0000000707e00000| Untracked 
|  56|0x0000000708000000, 0x0000000708000000, 0x0000000708200000|  0%| F|  |TAMS 0x0000000708000000, 0x0000000708000000| Untracked 
|  57|0x0000000708200000, 0x0000000708200000, 0x0000000708400000|  0%| F|  |TAMS 0x0000000708200000, 0x0000000708200000| Untracked 
|  58|0x0000000708400000, 0x0000000708400000, 0x0000000708600000|  0%| F|  |TAMS 0x0000000708400000, 0x0000000708400000| Untracked 
|  59|0x0000000708600000, 0x0000000708600000, 0x0000000708800000|  0%| F|  |TAMS 0x0000000708600000, 0x0000000708600000| Untracked 
|  60|0x0000000708800000, 0x0000000708800000, 0x0000000708a00000|  0%| F|  |TAMS 0x0000000708800000, 0x0000000708800000| Untracked 
|  61|0x0000000708a00000, 0x0000000708a00000, 0x0000000708c00000|  0%| F|  |TAMS 0x0000000708a00000, 0x0000000708a00000| Untracked 
|  62|0x0000000708c00000, 0x0000000708c00000, 0x0000000708e00000|  0%| F|  |TAMS 0x0000000708c00000, 0x0000000708c00000| Untracked 
|  63|0x0000000708e00000, 0x0000000708e00000, 0x0000000709000000|  0%| F|  |TAMS 0x0000000708e00000, 0x0000000708e00000| Untracked 
|  64|0x0000000709000000, 0x0000000709000000, 0x0000000709200000|  0%| F|  |TAMS 0x0000000709000000, 0x0000000709000000| Untracked 
|  65|0x0000000709200000, 0x0000000709200000, 0x0000000709400000|  0%| F|  |TAMS 0x0000000709200000, 0x0000000709200000| Untracked 
|  66|0x0000000709400000, 0x0000000709400000, 0x0000000709600000|  0%| F|  |TAMS 0x0000000709400000, 0x0000000709400000| Untracked 
|  67|0x0000000709600000, 0x0000000709600000, 0x0000000709800000|  0%| F|  |TAMS 0x0000000709600000, 0x0000000709600000| Untracked 
|  68|0x0000000709800000, 0x0000000709800000, 0x0000000709a00000|  0%| F|  |TAMS 0x0000000709800000, 0x0000000709800000| Untracked 
|  69|0x0000000709a00000, 0x0000000709a00000, 0x0000000709c00000|  0%| F|  |TAMS 0x0000000709a00000, 0x0000000709a00000| Untracked 
|  70|0x0000000709c00000, 0x0000000709c00000, 0x0000000709e00000|  0%| F|  |TAMS 0x0000000709c00000, 0x0000000709c00000| Untracked 
|  71|0x0000000709e00000, 0x0000000709e00000, 0x000000070a000000|  0%| F|  |TAMS 0x0000000709e00000, 0x0000000709e00000| Untracked 
|  72|0x000000070a000000, 0x000000070a000000, 0x000000070a200000|  0%| F|  |TAMS 0x000000070a000000, 0x000000070a000000| Untracked 
|  73|0x000000070a200000, 0x000000070a200000, 0x000000070a400000|  0%| F|  |TAMS 0x000000070a200000, 0x000000070a200000| Untracked 
|  74|0x000000070a400000, 0x000000070a400000, 0x000000070a600000|  0%| F|  |TAMS 0x000000070a400000, 0x000000070a400000| Untracked 
|  75|0x000000070a600000, 0x000000070a600000, 0x000000070a800000|  0%| F|  |TAMS 0x000000070a600000, 0x000000070a600000| Untracked 
|  76|0x000000070a800000, 0x000000070a800000, 0x000000070aa00000|  0%| F|  |TAMS 0x000000070a800000, 0x000000070a800000| Untracked 
|  77|0x000000070aa00000, 0x000000070aa00000, 0x000000070ac00000|  0%| F|  |TAMS 0x000000070aa00000, 0x000000070aa00000| Untracked 
|  78|0x000000070ac00000, 0x000000070ac00000, 0x000000070ae00000|  0%| F|  |TAMS 0x000000070ac00000, 0x000000070ac00000| Untracked 
|  79|0x000000070ae00000, 0x000000070ae00000, 0x000000070b000000|  0%| F|  |TAMS 0x000000070ae00000, 0x000000070ae00000| Untracked 
|  80|0x000000070b000000, 0x000000070b000000, 0x000000070b200000|  0%| F|  |TAMS 0x000000070b000000, 0x000000070b000000| Untracked 
|  81|0x000000070b200000, 0x000000070b200000, 0x000000070b400000|  0%| F|  |TAMS 0x000000070b200000, 0x000000070b200000| Untracked 
|  82|0x000000070b400000, 0x000000070b400000, 0x000000070b600000|  0%| F|  |TAMS 0x000000070b400000, 0x000000070b400000| Untracked 
|  83|0x000000070b600000, 0x000000070b600000, 0x000000070b800000|  0%| F|  |TAMS 0x000000070b600000, 0x000000070b600000| Untracked 
|  84|0x000000070b800000, 0x000000070b800000, 0x000000070ba00000|  0%| F|  |TAMS 0x000000070b800000, 0x000000070b800000| Untracked 
|  85|0x000000070ba00000, 0x000000070ba00000, 0x000000070bc00000|  0%| F|  |TAMS 0x000000070ba00000, 0x000000070ba00000| Untracked 
|  86|0x000000070bc00000, 0x000000070bc00000, 0x000000070be00000|  0%| F|  |TAMS 0x000000070bc00000, 0x000000070bc00000| Untracked 
|  87|0x000000070be00000, 0x000000070be00000, 0x000000070c000000|  0%| F|  |TAMS 0x000000070be00000, 0x000000070be00000| Untracked 
|  88|0x000000070c000000, 0x000000070c000000, 0x000000070c200000|  0%| F|  |TAMS 0x000000070c000000, 0x000000070c000000| Untracked 
|  89|0x000000070c200000, 0x000000070c200000, 0x000000070c400000|  0%| F|  |TAMS 0x000000070c200000, 0x000000070c200000| Untracked 
|  90|0x000000070c400000, 0x000000070c400000, 0x000000070c600000|  0%| F|  |TAMS 0x000000070c400000, 0x000000070c400000| Untracked 
|  91|0x000000070c600000, 0x000000070c600000, 0x000000070c800000|  0%| F|  |TAMS 0x000000070c600000, 0x000000070c600000| Untracked 
|  92|0x000000070c800000, 0x000000070c800000, 0x000000070ca00000|  0%| F|  |TAMS 0x000000070c800000, 0x000000070c800000| Untracked 
|  93|0x000000070ca00000, 0x000000070ca00000, 0x000000070cc00000|  0%| F|  |TAMS 0x000000070ca00000, 0x000000070ca00000| Untracked 
|  94|0x000000070cc00000, 0x000000070cc00000, 0x000000070ce00000|  0%| F|  |TAMS 0x000000070cc00000, 0x000000070cc00000| Untracked 
|  95|0x000000070ce00000, 0x000000070ce00000, 0x000000070d000000|  0%| F|  |TAMS 0x000000070ce00000, 0x000000070ce00000| Untracked 
|  96|0x000000070d000000, 0x000000070d000000, 0x000000070d200000|  0%| F|  |TAMS 0x000000070d000000, 0x000000070d000000| Untracked 
|  97|0x000000070d200000, 0x000000070d200000, 0x000000070d400000|  0%| F|  |TAMS 0x000000070d200000, 0x000000070d200000| Untracked 
|  98|0x000000070d400000, 0x000000070d400000, 0x000000070d600000|  0%| F|  |TAMS 0x000000070d400000, 0x000000070d400000| Untracked 
|  99|0x000000070d600000, 0x000000070d600000, 0x000000070d800000|  0%| F|  |TAMS 0x000000070d600000, 0x000000070d600000| Untracked 
| 100|0x000000070d800000, 0x000000070d800000, 0x000000070da00000|  0%| F|  |TAMS 0x000000070d800000, 0x000000070d800000| Untracked 
| 101|0x000000070da00000, 0x000000070da00000, 0x000000070dc00000|  0%| F|  |TAMS 0x000000070da00000, 0x000000070da00000| Untracked 
| 102|0x000000070dc00000, 0x000000070dc00000, 0x000000070de00000|  0%| F|  |TAMS 0x000000070dc00000, 0x000000070dc00000| Untracked 
| 103|0x000000070de00000, 0x000000070de00000, 0x000000070e000000|  0%| F|  |TAMS 0x000000070de00000, 0x000000070de00000| Untracked 
| 104|0x000000070e000000, 0x000000070e000000, 0x000000070e200000|  0%| F|  |TAMS 0x000000070e000000, 0x000000070e000000| Untracked 
| 105|0x000000070e200000, 0x000000070e200000, 0x000000070e400000|  0%| F|  |TAMS 0x000000070e200000, 0x000000070e200000| Untracked 
| 106|0x000000070e400000, 0x000000070e400000, 0x000000070e600000|  0%| F|  |TAMS 0x000000070e400000, 0x000000070e400000| Untracked 
| 107|0x000000070e600000, 0x000000070e600000, 0x000000070e800000|  0%| F|  |TAMS 0x000000070e600000, 0x000000070e600000| Untracked 
| 108|0x000000070e800000, 0x000000070e800000, 0x000000070ea00000|  0%| F|  |TAMS 0x000000070e800000, 0x000000070e800000| Untracked 
| 109|0x000000070ea00000, 0x000000070ea00000, 0x000000070ec00000|  0%| F|  |TAMS 0x000000070ea00000, 0x000000070ea00000| Untracked 
| 110|0x000000070ec00000, 0x000000070ec00000, 0x000000070ee00000|  0%| F|  |TAMS 0x000000070ec00000, 0x000000070ec00000| Untracked 
| 111|0x000000070ee00000, 0x000000070ee00000, 0x000000070f000000|  0%| F|  |TAMS 0x000000070ee00000, 0x000000070ee00000| Untracked 
| 112|0x000000070f000000, 0x000000070f000000, 0x000000070f200000|  0%| F|  |TAMS 0x000000070f000000, 0x000000070f000000| Untracked 
| 113|0x000000070f200000, 0x000000070f200000, 0x000000070f400000|  0%| F|  |TAMS 0x000000070f200000, 0x000000070f200000| Untracked 
| 114|0x000000070f400000, 0x000000070f400000, 0x000000070f600000|  0%| F|  |TAMS 0x000000070f400000, 0x000000070f400000| Untracked 
| 115|0x000000070f600000, 0x000000070f600000, 0x000000070f800000|  0%| F|  |TAMS 0x000000070f600000, 0x000000070f600000| Untracked 
| 116|0x000000070f800000, 0x000000070f800000, 0x000000070fa00000|  0%| F|  |TAMS 0x000000070f800000, 0x000000070f800000| Untracked 
| 117|0x000000070fa00000, 0x000000070fa00000, 0x000000070fc00000|  0%| F|  |TAMS 0x000000070fa00000, 0x000000070fa00000| Untracked 
| 118|0x000000070fc00000, 0x000000070fced5d8, 0x000000070fe00000| 46%| E|  |TAMS 0x000000070fc00000, 0x000000070fc00000| Complete 
| 119|0x000000070fe00000, 0x0000000710000000, 0x0000000710000000|100%| E|CS|TAMS 0x000000070fe00000, 0x000000070fe00000| Complete 
| 120|0x0000000710000000, 0x0000000710200000, 0x0000000710200000|100%| E|CS|TAMS 0x0000000710000000, 0x0000000710000000| Complete 
| 121|0x0000000710200000, 0x0000000710400000, 0x0000000710400000|100%| E|CS|TAMS 0x0000000710200000, 0x0000000710200000| Complete 
| 122|0x0000000710400000, 0x0000000710600000, 0x0000000710600000|100%| E|CS|TAMS 0x0000000710400000, 0x0000000710400000| Complete 
| 123|0x0000000710600000, 0x0000000710800000, 0x0000000710800000|100%| E|CS|TAMS 0x0000000710600000, 0x0000000710600000| Complete 
| 124|0x0000000710800000, 0x0000000710a00000, 0x0000000710a00000|100%| E|CS|TAMS 0x0000000710800000, 0x0000000710800000| Complete 
| 125|0x0000000710a00000, 0x0000000710c00000, 0x0000000710c00000|100%| E|CS|TAMS 0x0000000710a00000, 0x0000000710a00000| Complete 
| 126|0x0000000710c00000, 0x0000000710e00000, 0x0000000710e00000|100%| E|CS|TAMS 0x0000000710c00000, 0x0000000710c00000| Complete 
| 127|0x0000000710e00000, 0x0000000711000000, 0x0000000711000000|100%| E|CS|TAMS 0x0000000710e00000, 0x0000000710e00000| Complete 

Card table byte_map: [0x000001c2660a0000,0x000001c2668a0000] _byte_map_base: 0x000001c262898000

Marking Bits (Prev, Next): (CMBitMap*) 0x000001c24c70f4f0, (CMBitMap*) 0x000001c24c70f530
 Prev Bits: [0x000001c2670a0000, 0x000001c26b060000)
 Next Bits: [0x000001c26b060000, 0x000001c26f020000)

Polling page: 0x000001c24c760000

Metaspace:

Usage:
  Non-class:      6.59 MB used.
      Class:    565.16 KB used.
       Both:      7.14 MB used.

Virtual space:
  Non-class space:       64.00 MB reserved,       6.69 MB ( 10%) committed,  1 nodes.
      Class space:        1.00 GB reserved,     704.00 KB ( <1%) committed,  1 nodes.
             Both:        1.06 GB reserved,       7.38 MB ( <1%) committed. 

Chunk freelists:
   Non-Class:  672.00 KB
       Class:  3.22 MB
        Both:  3.88 MB

MaxMetaspaceSize: unlimited
CompressedClassSpaceSize: 1.00 GB
Initial GC threshold: 21.00 MB
Current GC threshold: 21.00 MB
CDS: on
MetaspaceReclaimPolicy: balanced
 - commit_granule_bytes: 65536.
 - commit_granule_words: 8192.
 - virtual_space_node_default_size: 8388608.
 - enlarge_chunks_in_place: 1.
 - new_chunks_are_fully_committed: 0.
 - uncommit_free_chunks: 1.
 - use_allocation_guard: 0.


Internal statistics:

num_allocs_failed_limit: 0.
num_arena_births: 146.
num_arena_deaths: 0.
num_vsnodes_births: 2.
num_vsnodes_deaths: 0.
num_space_committed: 118.
num_space_uncommitted: 0.
num_chunks_returned_to_freelist: 0.
num_chunks_taken_from_freelist: 215.
num_chunk_merges: 0.
num_chunk_splits: 143.
num_chunks_enlarged: 94.
num_inconsistent_stats: 0.

CodeHeap 'non-profiled nmethods': size=120000Kb used=521Kb max_used=521Kb free=119479Kb
 bounds [0x000001c25db20000, 0x000001c25dd90000, 0x000001c265050000]
CodeHeap 'profiled nmethods': size=120000Kb used=2280Kb max_used=2280Kb free=117719Kb
 bounds [0x000001c256050000, 0x000001c2562c0000, 0x000001c25d580000]
CodeHeap 'non-nmethods': size=5760Kb used=1370Kb max_used=1393Kb free=4389Kb
 bounds [0x000001c25d580000, 0x000001c25d7f0000, 0x000001c25db20000]
 total_blobs=2040 nmethods=1420 adapters=531
 compilation: enabled
              stopped_count=0, restarted_count=0
 full_count=0

Compilation events (20 events):
Event: 1.101 Thread 0x000001c2718d33a0 1404       3       java.lang.String::codePointAt (50 bytes)
Event: 1.101 Thread 0x000001c2718d33a0 nmethod 1404 0x000001c256286a90 code [0x000001c256286c80, 0x000001c2562870e8]
Event: 1.101 Thread 0x000001c2718d33a0 1408       3       sun.invoke.util.BytecodeDescriptor::unparseSig (49 bytes)
Event: 1.102 Thread 0x000001c2718d33a0 nmethod 1408 0x000001c256287310 code [0x000001c256287520, 0x000001c256287968]
Event: 1.102 Thread 0x000001c2718d33a0 1412       3       java.lang.String::concat (15 bytes)
Event: 1.102 Thread 0x000001c2718cfa10 nmethod 1407 0x000001c25dba0590 code [0x000001c25dba0720, 0x000001c25dba08d8]
Event: 1.103 Thread 0x000001c2718d33a0 nmethod 1412 0x000001c256287b90 code [0x000001c256287ec0, 0x000001c256289178]
Event: 1.103 Thread 0x000001c2718d33a0 1413       1       jdk.internal.loader.URLClassPath$Loader::getBaseURL (5 bytes)
Event: 1.103 Thread 0x000001c2718d33a0 nmethod 1413 0x000001c25dba0a10 code [0x000001c25dba0ba0, 0x000001c25dba0c78]
Event: 1.103 Thread 0x000001c2718d33a0 1415       3       java.lang.Integer::toUnsignedLong (7 bytes)
Event: 1.103 Thread 0x000001c2718d33a0 nmethod 1415 0x000001c256289810 code [0x000001c2562899a0, 0x000001c256289a98]
Event: 1.103 Thread 0x000001c2718d33a0 1416       3       sun.misc.Unsafe::putLong (11 bytes)
Event: 1.103 Thread 0x000001c2718cfa10 1418       4       java.lang.Integer::toUnsignedLong (7 bytes)
Event: 1.103 Thread 0x000001c2718d33a0 nmethod 1416 0x000001c256289b10 code [0x000001c256289ca0, 0x000001c256289db8]
Event: 1.103 Thread 0x000001c2718d33a0 1417       3       org.lwjgl.system.MemoryUtil::memPutAddress (29 bytes)
Event: 1.103 Thread 0x000001c2718d33a0 nmethod 1417 0x000001c256289e90 code [0x000001c25628a040, 0x000001c25628a238]
Event: 1.103 Thread 0x000001c2718cfa10 nmethod 1418 0x000001c25dba1110 code [0x000001c25dba1280, 0x000001c25dba12d8]
Event: 1.105 Thread 0x000001c2718d33a0 1420       1       java.security.CodeSource::getLocation (5 bytes)
Event: 1.105 Thread 0x000001c2718d33a0 nmethod 1420 0x000001c25dba1810 code [0x000001c25dba19a0, 0x000001c25dba1a78]
Event: 1.105 Thread 0x000001c27dd48ed0 nmethod 1400 0x000001c25dba1b10 code [0x000001c25dba1ca0, 0x000001c25dba21d8]

GC Heap History (0 events):
No events

Dll operation events (16 events):
Event: 0.007 Loaded shared library C:\Users\Gabriel\.jdks\corretto-19.0.2\bin\java.dll
Event: 0.014 Loaded shared library C:\Users\Gabriel\.jdks\corretto-19.0.2\bin\jsvml.dll
Event: 0.075 Loaded shared library C:\Users\Gabriel\.jdks\corretto-19.0.2\bin\zip.dll
Event: 0.077 Loaded shared library C:\Users\Gabriel\.jdks\corretto-19.0.2\bin\instrument.dll
Event: 0.081 Loaded shared library C:\Users\Gabriel\.jdks\corretto-19.0.2\bin\net.dll
Event: 0.083 Loaded shared library C:\Users\Gabriel\.jdks\corretto-19.0.2\bin\nio.dll
Event: 0.086 Loaded shared library C:\Users\Gabriel\.jdks\corretto-19.0.2\bin\zip.dll
Event: 0.111 Loaded shared library C:\Program Files\JetBrains\IntelliJ IDEA Community Edition 2024.2.0.2\bin\breakgen64.dll
Event: 0.117 Loaded shared library C:\Users\Gabriel\.jdks\corretto-19.0.2\bin\extnet.dll
Event: 0.128 Loaded shared library C:\Users\Gabriel\.jdks\corretto-19.0.2\bin\jimage.dll
Event: 0.132 Loaded shared library C:\Users\Gabriel\.jdks\corretto-19.0.2\bin\awt.dll
Event: 0.182 Loaded shared library C:\Users\Gabriel\.jdks\corretto-19.0.2\bin\freetype.dll
Event: 0.183 Loaded shared library C:\Users\Gabriel\.jdks\corretto-19.0.2\bin\fontmanager.dll
Event: 0.613 Loaded shared library C:\Users\Gabriel\.jdks\corretto-19.0.2\bin\verify.dll
Event: 1.050 Loaded shared library C:\Users\Gabriel\AppData\Local\Temp\lwjgl_Gabriel\3.3.3+5\x64\lwjgl.dll
Event: 1.079 Loaded shared library C:\Users\Gabriel\AppData\Local\Temp\lwjgl_Gabriel\3.3.3+5\x64\lwjgl_opengl.dll

Deoptimization events (20 events):
Event: 1.081 Thread 0x000001c24c69cf80 DEOPT PACKING pc=0x000001c256265401 sp=0x000000b2e6ffd300
Event: 1.081 Thread 0x000001c24c69cf80 DEOPT UNPACKING pc=0x000001c25d5e7543 sp=0x000000b2e6ffc778 mode 0
Event: 1.082 Thread 0x000001c24c69cf80 DEOPT PACKING pc=0x000001c256265401 sp=0x000000b2e6ffd300
Event: 1.082 Thread 0x000001c24c69cf80 DEOPT UNPACKING pc=0x000001c25d5e7543 sp=0x000000b2e6ffc778 mode 0
Event: 1.082 Thread 0x000001c24c69cf80 DEOPT PACKING pc=0x000001c256265401 sp=0x000000b2e6ffd300
Event: 1.082 Thread 0x000001c24c69cf80 DEOPT UNPACKING pc=0x000001c25d5e7543 sp=0x000000b2e6ffc778 mode 0
Event: 1.082 Thread 0x000001c24c69cf80 DEOPT PACKING pc=0x000001c256265401 sp=0x000000b2e6ffd300
Event: 1.082 Thread 0x000001c24c69cf80 DEOPT UNPACKING pc=0x000001c25d5e7543 sp=0x000000b2e6ffc778 mode 0
Event: 1.083 Thread 0x000001c24c69cf80 DEOPT PACKING pc=0x000001c256265401 sp=0x000000b2e6ffd300
Event: 1.083 Thread 0x000001c24c69cf80 DEOPT UNPACKING pc=0x000001c25d5e7543 sp=0x000000b2e6ffc778 mode 0
Event: 1.083 Thread 0x000001c24c69cf80 DEOPT PACKING pc=0x000001c256265401 sp=0x000000b2e6ffd300
Event: 1.083 Thread 0x000001c24c69cf80 DEOPT UNPACKING pc=0x000001c25d5e7543 sp=0x000000b2e6ffc778 mode 0
Event: 1.083 Thread 0x000001c24c69cf80 DEOPT PACKING pc=0x000001c256265401 sp=0x000000b2e6ffd300
Event: 1.083 Thread 0x000001c24c69cf80 DEOPT UNPACKING pc=0x000001c25d5e7543 sp=0x000000b2e6ffc778 mode 0
Event: 1.083 Thread 0x000001c24c69cf80 DEOPT PACKING pc=0x000001c256265401 sp=0x000000b2e6ffd300
Event: 1.083 Thread 0x000001c24c69cf80 DEOPT UNPACKING pc=0x000001c25d5e7543 sp=0x000000b2e6ffc778 mode 0
Event: 1.084 Thread 0x000001c24c69cf80 DEOPT PACKING pc=0x000001c256265401 sp=0x000000b2e6ffd300
Event: 1.084 Thread 0x000001c24c69cf80 DEOPT UNPACKING pc=0x000001c25d5e7543 sp=0x000000b2e6ffc778 mode 0
Event: 1.084 Thread 0x000001c24c69cf80 DEOPT PACKING pc=0x000001c256265401 sp=0x000000b2e6ffd300
Event: 1.084 Thread 0x000001c24c69cf80 DEOPT UNPACKING pc=0x000001c25d5e7543 sp=0x000000b2e6ffc778 mode 0

Classes loaded (20 events):
Event: 1.090 Loading class java/nio/DirectCharBufferU
Event: 1.090 Loading class java/nio/DirectCharBufferU done
Event: 1.090 Loading class java/nio/DirectFloatBufferU
Event: 1.090 Loading class java/nio/DirectFloatBufferU done
Event: 1.090 Loading class java/nio/DirectDoubleBufferU
Event: 1.090 Loading class java/nio/DirectDoubleBufferU done
Event: 1.090 Loading class sun/misc/Unsafe
Event: 1.091 Loading class sun/misc/Unsafe done
Event: 1.091 Loading class java/lang/invoke/DirectMethodHandle$StaticAccessor
Event: 1.091 Loading class java/lang/invoke/DirectMethodHandle$StaticAccessor done
Event: 1.092 Loading class java/util/function/LongPredicate
Event: 1.092 Loading class java/util/function/LongPredicate done
Event: 1.096 Loading class java/nio/InvalidMarkException
Event: 1.096 Loading class java/nio/InvalidMarkException done
Event: 1.096 Loading class java/nio/BufferUnderflowException
Event: 1.096 Loading class java/nio/BufferUnderflowException done
Event: 1.098 Loading class java/lang/IndexOutOfBoundsException
Event: 1.098 Loading class java/lang/IndexOutOfBoundsException done
Event: 1.101 Loading class java/util/Formatter$FixedString
Event: 1.101 Loading class java/util/Formatter$FixedString done

Classes unloaded (0 events):
No events

Classes redefined (0 events):
No events

Internal exceptions (20 events):
Event: 1.019 Thread 0x000001c24c69cf80 Exception <a 'java/lang/NoSuchMethodError'{0x0000000710149f80}: 'void java.lang.invoke.DirectMethodHandle$Holder.invokeSpecial(java.lang.Object, java.lang.Object, java.lang.Object)'> (0x0000000710149f80) 
thrown [s\src\hotspot\share\interpreter\linkResolver.cpp, line 774]
Event: 1.020 Thread 0x000001c24c69cf80 Exception <a 'java/lang/NoSuchMethodError'{0x0000000710157ed8}: 'java.lang.Object java.lang.invoke.DirectMethodHandle$Holder.invokeStatic(java.lang.Object, java.lang.Object, int)'> (0x0000000710157ed8) 
thrown [s\src\hotspot\share\interpreter\linkResolver.cpp, line 774]
Event: 1.021 Thread 0x000001c24c69cf80 Exception <a 'java/lang/NoSuchMethodError'{0x0000000710163cf8}: 'void java.lang.invoke.DelegatingMethodHandle$Holder.delegate(java.lang.Object, java.lang.Object, int, java.lang.Object)'> (0x0000000710163cf8) 
thrown [s\src\hotspot\share\interpreter\linkResolver.cpp, line 774]
Event: 1.021 Thread 0x000001c24c69cf80 Exception <a 'java/lang/NoSuchMethodError'{0x0000000710167fb8}: 'int java.lang.invoke.DirectMethodHandle$Holder.invokeSpecial(java.lang.Object, java.lang.Object, java.lang.Object)'> (0x0000000710167fb8) 
thrown [s\src\hotspot\share\interpreter\linkResolver.cpp, line 774]
Event: 1.024 Thread 0x000001c24c69cf80 Exception <a 'java/lang/NoSuchMethodError'{0x0000000710182758}: 'void java.lang.System.loadLibrary(java.lang.String, java.lang.Class)'> (0x0000000710182758) 
thrown [s\src\hotspot\share\interpreter\linkResolver.cpp, line 774]
Event: 1.032 Thread 0x000001c24c69cf80 Exception <a 'java/lang/NoSuchMethodError'{0x000000070fe0b068}: 'void java.lang.System.load(java.lang.String, java.lang.Class)'> (0x000000070fe0b068) 
thrown [s\src\hotspot\share\interpreter\linkResolver.cpp, line 774]
Event: 1.032 Thread 0x000001c24c69cf80 Exception <a 'java/lang/NoSuchMethodError'{0x000000070fe0df68}: 'void java.lang.System.loadLibrary(java.lang.String, java.lang.Class)'> (0x000000070fe0df68) 
thrown [s\src\hotspot\share\interpreter\linkResolver.cpp, line 774]
Event: 1.048 Thread 0x000001c24c69cf80 Exception <a 'sun/nio/fs/WindowsException'{0x000000070fe378e0}> (0x000000070fe378e0) 
thrown [s\src\hotspot\share\prims\jni.cpp, line 517]
Event: 1.049 Thread 0x000001c24c69cf80 Exception <a 'sun/nio/fs/WindowsException'{0x000000070fe37e40}> (0x000000070fe37e40) 
thrown [s\src\hotspot\share\prims\jni.cpp, line 517]
Event: 1.050 Thread 0x000001c2718c4840 Exception <a 'java/lang/NoSuchMethodError'{0x000000070ff263a0}: 'java.lang.Object java.lang.invoke.Invokers$Holder.invokeExact_MT(java.lang.Object, java.lang.Object, java.lang.Object, java.lang.Object, java.lang.Object, java.lang.Object)'> (0x000000070ff263a0) 
thrown [s\src\hotspot\share\interpreter\linkResolver.cpp, line 774]
Event: 1.077 Thread 0x000001c24c69cf80 Exception <a 'sun/nio/fs/WindowsException'{0x000000070ffe2488}> (0x000000070ffe2488) 
thrown [s\src\hotspot\share\prims\jni.cpp, line 517]
Event: 1.077 Thread 0x000001c24c69cf80 Exception <a 'sun/nio/fs/WindowsException'{0x000000070ffe2840}> (0x000000070ffe2840) 
thrown [s\src\hotspot\share\prims\jni.cpp, line 517]
Event: 1.085 Thread 0x000001c24c69cf80 Exception <a 'sun/nio/fs/WindowsException'{0x000000070ffec348}> (0x000000070ffec348) 
thrown [s\src\hotspot\share\prims\jni.cpp, line 517]
Event: 1.085 Thread 0x000001c24c69cf80 Exception <a 'sun/nio/fs/WindowsException'{0x000000070ffec638}> (0x000000070ffec638) 
thrown [s\src\hotspot\share\prims\jni.cpp, line 517]
Event: 1.093 Thread 0x000001c24c69cf80 Exception <a 'java/lang/NoSuchMethodError'{0x000000070fc38cf0}: 'int java.lang.invoke.DirectMethodHandle$Holder.invokeStaticInit(java.lang.Object, java.lang.Object, int, long)'> (0x000000070fc38cf0) 
thrown [s\src\hotspot\share\interpreter\linkResolver.cpp, line 774]
Event: 1.093 Thread 0x000001c24c69cf80 Exception <a 'java/lang/NoSuchMethodError'{0x000000070fc3e870}: 'java.lang.Object java.lang.invoke.DirectMethodHandle$Holder.newInvokeSpecial(java.lang.Object, java.lang.Object, int)'> (0x000000070fc3e870) 
thrown [s\src\hotspot\share\interpreter\linkResolver.cpp, line 774]
Event: 1.094 Thread 0x000001c24c69cf80 Exception <a 'java/lang/NoSuchMethodError'{0x000000070fc4ced0}: 'int java.lang.invoke.DirectMethodHandle$Holder.invokeStaticInit(java.lang.Object, java.lang.Object, long, long)'> (0x000000070fc4ced0) 
thrown [s\src\hotspot\share\interpreter\linkResolver.cpp, line 774]
Event: 1.095 Thread 0x000001c24c69cf80 Exception <a 'java/lang/NoSuchMethodError'{0x000000070fc52e18}: 'java.lang.Object java.lang.invoke.DirectMethodHandle$Holder.newInvokeSpecial(java.lang.Object, java.lang.Object, long)'> (0x000000070fc52e18) 
thrown [s\src\hotspot\share\interpreter\linkResolver.cpp, line 774]
Event: 1.095 Thread 0x000001c24c69cf80 Exception <a 'java/lang/NoSuchMethodError'{0x000000070fc569a0}: 'java.lang.Object java.lang.invoke.Invokers$Holder.linkToTargetMethod(java.lang.Object, long, java.lang.Object)'> (0x000000070fc569a0) 
thrown [s\src\hotspot\share\interpreter\linkResolver.cpp, line 774]
Event: 1.096 Thread 0x000001c24c69cf80 Exception <a 'java/lang/NoSuchMethodError'{0x000000070fc5df28}: 'int java.lang.invoke.DirectMethodHandle$Holder.invokeStaticInit(java.lang.Object, java.lang.Object, java.lang.Object, long)'> (0x000000070fc5df28) 
thrown [s\src\hotspot\share\interpreter\linkResolver.cpp, line 774]

VM Operations (20 events):
Event: 0.113 Executing VM operation: HandshakeAllThreads
Event: 0.113 Executing VM operation: HandshakeAllThreads done
Event: 0.170 Executing VM operation: HandshakeAllThreads
Event: 0.170 Executing VM operation: HandshakeAllThreads done
Event: 0.457 Executing VM operation: HandshakeAllThreads
Event: 0.457 Executing VM operation: HandshakeAllThreads done
Event: 0.457 Executing VM operation: HandshakeAllThreads
Event: 0.457 Executing VM operation: HandshakeAllThreads done
Event: 0.824 Executing VM operation: ICBufferFull
Event: 0.824 Executing VM operation: ICBufferFull done
Event: 1.020 Executing VM operation: HandshakeAllThreads
Event: 1.020 Executing VM operation: HandshakeAllThreads done
Event: 1.042 Executing VM operation: HandshakeAllThreads
Event: 1.042 Executing VM operation: HandshakeAllThreads done
Event: 1.044 Executing VM operation: HandshakeAllThreads
Event: 1.044 Executing VM operation: HandshakeAllThreads done
Event: 1.055 Executing VM operation: HandshakeAllThreads
Event: 1.055 Executing VM operation: HandshakeAllThreads done
Event: 1.090 Executing VM operation: HandshakeAllThreads
Event: 1.090 Executing VM operation: HandshakeAllThreads done

Events (19 events):
Event: 0.015 Thread 0x000001c24c69cf80 Thread added: 0x000001c24c69cf80
Event: 0.025 Thread 0x000001c2718bec70 Thread added: 0x000001c2718bec70
Event: 0.025 Thread 0x000001c2718bfc00 Thread added: 0x000001c2718bfc00
Event: 0.025 Thread 0x000001c2718c0b90 Thread added: 0x000001c2718c0b90
Event: 0.025 Thread 0x000001c2718c4840 Thread added: 0x000001c2718c4840
Event: 0.025 Thread 0x000001c2718c9690 Thread added: 0x000001c2718c9690
Event: 0.025 Thread 0x000001c2718ca160 Thread added: 0x000001c2718ca160
Event: 0.025 Thread 0x000001c2718cfa10 Thread added: 0x000001c2718cfa10
Event: 0.029 Thread 0x000001c2718d33a0 Thread added: 0x000001c2718d33a0
Event: 0.029 Thread 0x000001c275c38010 Thread added: 0x000001c275c38010
Event: 0.062 Thread 0x000001c271897da0 Thread added: 0x000001c271897da0
Event: 0.111 Thread 0x000001c275e1c4b0 Thread added: 0x000001c275e1c4b0
Event: 0.111 Thread 0x000001c275d6bea0 Thread added: 0x000001c275d6bea0
Event: 0.169 Thread 0x000001c275f88e70 Thread added: 0x000001c275f88e70
Event: 0.196 Thread 0x000001c2760e5730 Thread added: 0x000001c2760e5730
Event: 0.197 Thread 0x000001c275fb97e0 Thread added: 0x000001c275fb97e0
Event: 0.570 Thread 0x000001c2765e2ea0 Thread added: 0x000001c2765e2ea0
Event: 0.828 Thread 0x000001c2765e2ea0 Thread exited: 0x000001c2765e2ea0
Event: 0.885 Thread 0x000001c27dd48ed0 Thread added: 0x000001c27dd48ed0


Dynamic libraries:
0x00007ff780840000 - 0x00007ff78084d000 	C:\Users\Gabriel\.jdks\corretto-19.0.2\bin\java.exe
0x00007ffceeb70000 - 0x00007ffceed87000 	C:\WINDOWS\SYSTEM32\ntdll.dll
0x00007ffceda60000 - 0x00007ffcedb24000 	C:\WINDOWS\System32\KERNEL32.DLL
0x00007ffcebec0000 - 0x00007ffcec27a000 	C:\WINDOWS\System32\KERNELBASE.dll
0x00007ffcec750000 - 0x00007ffcec861000 	C:\WINDOWS\System32\ucrtbase.dll
0x00007ffce2df0000 - 0x00007ffce2e05000 	C:\Users\Gabriel\.jdks\corretto-19.0.2\bin\VCRUNTIME140.dll
0x00007ffce5ac0000 - 0x00007ffce5ad7000 	C:\Users\Gabriel\.jdks\corretto-19.0.2\bin\jli.dll
0x00007ffcec920000 - 0x00007ffcecace000 	C:\WINDOWS\System32\USER32.dll
0x00007ffcec3a0000 - 0x00007ffcec3c6000 	C:\WINDOWS\System32\win32u.dll
0x00007ffced8b0000 - 0x00007ffced8d9000 	C:\WINDOWS\System32\GDI32.dll
0x00007ffcec280000 - 0x00007ffcec39b000 	C:\WINDOWS\System32\gdi32full.dll
0x00007ffcec570000 - 0x00007ffcec60a000 	C:\WINDOWS\System32\msvcp_win.dll
0x00007ffcd4900000 - 0x00007ffcd4b92000 	C:\WINDOWS\WinSxS\amd64_microsoft.windows.common-controls_6595b64144ccf1df_6.0.22621.4541_none_2710d1c57384c085\COMCTL32.dll
0x00007ffcec870000 - 0x00007ffcec917000 	C:\WINDOWS\System32\msvcrt.dll
0x00007ffcede00000 - 0x00007ffcede31000 	C:\WINDOWS\System32\IMM32.DLL
0x00007ffce23f0000 - 0x00007ffce248b000 	C:\Users\Gabriel\.jdks\corretto-19.0.2\bin\msvcp140.dll
0x00007ffcaa270000 - 0x00007ffcaaf49000 	C:\Users\Gabriel\.jdks\corretto-19.0.2\bin\server\jvm.dll
0x00007ffcedb30000 - 0x00007ffcedbe2000 	C:\WINDOWS\System32\ADVAPI32.dll
0x00007ffced7e0000 - 0x00007ffced887000 	C:\WINDOWS\System32\sechost.dll
0x00007ffcec3d0000 - 0x00007ffcec3f8000 	C:\WINDOWS\System32\bcrypt.dll
0x00007ffced8e0000 - 0x00007ffced9f4000 	C:\WINDOWS\System32\RPCRT4.dll
0x00007ffce6240000 - 0x00007ffce624a000 	C:\WINDOWS\SYSTEM32\VERSION.dll
0x00007ffce8e80000 - 0x00007ffce8e89000 	C:\WINDOWS\SYSTEM32\WSOCK32.dll
0x00007ffce17a0000 - 0x00007ffce17d4000 	C:\WINDOWS\SYSTEM32\WINMM.dll
0x00007ffcee880000 - 0x00007ffcee8f1000 	C:\WINDOWS\System32\WS2_32.dll
0x00007ffceaf00000 - 0x00007ffceaf18000 	C:\WINDOWS\SYSTEM32\kernel.appcore.dll
0x00007ffce8cd0000 - 0x00007ffce8cda000 	C:\Users\Gabriel\.jdks\corretto-19.0.2\bin\jimage.dll
0x00007ffce0b90000 - 0x00007ffce0dc2000 	C:\WINDOWS\SYSTEM32\DBGHELP.DLL
0x00007ffcee4f0000 - 0x00007ffcee87f000 	C:\WINDOWS\System32\combase.dll
0x00007ffcecad0000 - 0x00007ffcecba7000 	C:\WINDOWS\System32\OLEAUT32.dll
0x00007ffcc9c10000 - 0x00007ffcc9c42000 	C:\WINDOWS\SYSTEM32\dbgcore.DLL
0x00007ffcebe40000 - 0x00007ffcebebb000 	C:\WINDOWS\System32\bcryptPrimitives.dll
0x00007ffcd59d0000 - 0x00007ffcd59de000 	C:\Users\Gabriel\.jdks\corretto-19.0.2\bin\instrument.dll
0x00007ffce24c0000 - 0x00007ffce24e6000 	C:\Users\Gabriel\.jdks\corretto-19.0.2\bin\java.dll
0x00007ffcd0750000 - 0x00007ffcd0826000 	C:\Users\Gabriel\.jdks\corretto-19.0.2\bin\jsvml.dll
0x00007ffcecd00000 - 0x00007ffced578000 	C:\WINDOWS\System32\SHELL32.dll
0x00007ffce9d80000 - 0x00007ffcea688000 	C:\WINDOWS\SYSTEM32\windows.storage.dll
0x00007ffce9c40000 - 0x00007ffce9d7f000 	C:\WINDOWS\SYSTEM32\wintypes.dll
0x00007ffcee3f0000 - 0x00007ffcee4ea000 	C:\WINDOWS\System32\SHCORE.dll
0x00007ffceda00000 - 0x00007ffceda5e000 	C:\WINDOWS\System32\shlwapi.dll
0x00007ffcebd70000 - 0x00007ffcebd9b000 	C:\WINDOWS\SYSTEM32\profapi.dll
0x00007ffcd6900000 - 0x00007ffcd6918000 	C:\Users\Gabriel\.jdks\corretto-19.0.2\bin\zip.dll
0x00007ffce2ce0000 - 0x00007ffce2cf3000 	C:\Users\Gabriel\.jdks\corretto-19.0.2\bin\net.dll
0x00007ffce6aa0000 - 0x00007ffce6bd6000 	C:\WINDOWS\SYSTEM32\WINHTTP.dll
0x00007ffceb3f0000 - 0x00007ffceb459000 	C:\WINDOWS\system32\mswsock.dll
0x00007ffce29a0000 - 0x00007ffce29b5000 	C:\Users\Gabriel\.jdks\corretto-19.0.2\bin\nio.dll
0x00007ffcb48d0000 - 0x00007ffcb48ea000 	C:\Program Files\JetBrains\IntelliJ IDEA Community Edition 2024.2.0.2\bin\breakgen64.dll
0x00007ffce46d0000 - 0x00007ffce46d8000 	C:\Users\Gabriel\.jdks\corretto-19.0.2\bin\extnet.dll
0x00007ffc79680000 - 0x00007ffc79829000 	C:\Users\Gabriel\.jdks\corretto-19.0.2\bin\awt.dll
0x00007ffce8db0000 - 0x00007ffce8e47000 	C:\WINDOWS\SYSTEM32\apphelp.dll
0x00007ffce97b0000 - 0x00007ffce97db000 	C:\WINDOWS\system32\DWMAPI.DLL
0x00007ffce9360000 - 0x00007ffce9411000 	C:\WINDOWS\system32\uxtheme.dll
0x00007ffca6b80000 - 0x00007ffca6c03000 	C:\Users\Gabriel\.jdks\corretto-19.0.2\bin\freetype.dll
0x00007ffca1680000 - 0x00007ffca1743000 	C:\Users\Gabriel\.jdks\corretto-19.0.2\bin\fontmanager.dll
0x00007ffcc2b40000 - 0x00007ffcc2c40000 	C:\WINDOWS\system32\opengl32.dll
0x00007ffce0aa0000 - 0x00007ffce0acd000 	C:\WINDOWS\SYSTEM32\GLU32.dll
0x00007ffce9470000 - 0x00007ffce94a7000 	C:\WINDOWS\SYSTEM32\dxcore.dll
0x00007ffcedc90000 - 0x00007ffceddf1000 	C:\WINDOWS\System32\MSCTF.dll
0x00007ffced610000 - 0x00007ffced7b5000 	C:\WINDOWS\System32\ole32.dll
0x00007ffcc8720000 - 0x00007ffcc88c8000 	C:\WINDOWS\system32\d3d9.dll
0x00007ffcdf870000 - 0x00007ffcdf934000 	C:\WINDOWS\System32\DriverStore\FileRepository\nv_dispi.inf_amd64_ea7f458f0e49497d\nvldumdx.dll
0x00007ffcebae0000 - 0x00007ffcebaf2000 	C:\WINDOWS\SYSTEM32\msasn1.dll
0x00007ffce6200000 - 0x00007ffce6232000 	C:\WINDOWS\SYSTEM32\cryptnet.dll
0x00007ffcec400000 - 0x00007ffcec566000 	C:\WINDOWS\System32\CRYPT32.dll
0x00007ffceb660000 - 0x00007ffceb66c000 	C:\WINDOWS\SYSTEM32\cryptbase.dll
0x00007ffceb6f0000 - 0x00007ffceb73c000 	C:\WINDOWS\SYSTEM32\wldp.dll
0x00007ffce5eb0000 - 0x00007ffce6012000 	C:\WINDOWS\SYSTEM32\drvstore.dll
0x00007ffcebb00000 - 0x00007ffcebb2c000 	C:\WINDOWS\SYSTEM32\devobj.dll
0x00007ffcebb30000 - 0x00007ffcebb7e000 	C:\WINDOWS\SYSTEM32\cfgmgr32.dll
0x00007ffcec6d0000 - 0x00007ffcec742000 	C:\WINDOWS\System32\wintrust.dll
0x00007ffced590000 - 0x00007ffced5af000 	C:\WINDOWS\System32\imagehlp.dll
0x00007ffceb640000 - 0x00007ffceb65b000 	C:\WINDOWS\SYSTEM32\CRYPTSP.dll
0x00007ffceae50000 - 0x00007ffceae85000 	C:\WINDOWS\system32\rsaenh.dll
0x00007ffcdc460000 - 0x00007ffcdf170000 	C:\WINDOWS\System32\DriverStore\FileRepository\nv_dispi.inf_amd64_ea7f458f0e49497d\nvgpucomp64.dll
0x00007ffc73300000 - 0x00007ffc7508c000 	C:\WINDOWS\System32\DriverStore\FileRepository\nv_dispi.inf_amd64_ea7f458f0e49497d\nvd3dumx.dll
0x00007ffce5470000 - 0x00007ffce54b9000 	C:\WINDOWS\SYSTEM32\directxdatabasehelper.dll
0x00007ffca79b0000 - 0x00007ffca7c80000 	C:\WINDOWS\system32\nvspcap64.dll
0x00007ffceb080000 - 0x00007ffceb0b4000 	C:\WINDOWS\SYSTEM32\ntmarta.dll
0x00007ffceb480000 - 0x00007ffceb4a6000 	C:\WINDOWS\SYSTEM32\gpapi.dll
0x00007ffcd0970000 - 0x00007ffcd0ac5000 	C:\WINDOWS\System32\DriverStore\FileRepository\nv_dispi.inf_amd64_ea7f458f0e49497d\nvppex.dll
0x00007ffce28c0000 - 0x00007ffce28d0000 	C:\Users\Gabriel\.jdks\corretto-19.0.2\bin\verify.dll
0x00007ffc99e30000 - 0x00007ffc99eab000 	C:\Users\Gabriel\AppData\Local\Temp\lwjgl_Gabriel\3.3.3+5\x64\lwjgl.dll
0x00007ffc994b0000 - 0x00007ffc9950e000 	C:\Users\Gabriel\AppData\Local\Temp\lwjgl_Gabriel\3.3.3+5\x64\lwjgl_opengl.dll

dbghelp: loaded successfully - version: 4.0.5 - missing functions: none
symbol engine: initialized successfully - sym options: 0x614 - pdb path: .;C:\Users\Gabriel\.jdks\corretto-19.0.2\bin;C:\WINDOWS\SYSTEM32;C:\WINDOWS\WinSxS\amd64_microsoft.windows.common-controls_6595b64144ccf1df_6.0.22621.4541_none_2710d1c57384c085;C:\Users\Gabriel\.jdks\corretto-19.0.2\bin\server;C:\Program Files\JetBrains\IntelliJ IDEA Community Edition 2024.2.0.2\bin;C:\WINDOWS\System32\DriverStore\FileRepository\nv_dispi.inf_amd64_ea7f458f0e49497d;C:\Users\Gabriel\AppData\Local\Temp\lwjgl_Gabriel\3.3.3+5\x64

VM Arguments:
jvm_args: -javaagent:C:\Program Files\JetBrains\IntelliJ IDEA Community Edition 2024.2.0.2\lib\idea_rt.jar=55949:C:\Program Files\JetBrains\IntelliJ IDEA Community Edition 2024.2.0.2\bin -Dfile.encoding=UTF-8 -Dsun.stdout.encoding=UTF-8 -Dsun.stderr.encoding=UTF-8 
java_command: Game.Main
java_class_path (initial): C:\Users\Gabriel\IdeaProjects\pokemon2D\target\classes;C:\Users\Gabriel\.m2\repository\org\lwjgl\lwjgl\3.3.3\lwjgl-3.3.3.jar;C:\Users\Gabriel\.m2\repository\org\lwjgl\lwjgl-assimp\3.3.3\lwjgl-assimp-3.3.3.jar;C:\Users\Gabriel\.m2\repository\org\lwjgl\lwjgl-bgfx\3.3.3\lwjgl-bgfx-3.3.3.jar;C:\Users\Gabriel\.m2\repository\org\lwjgl\lwjgl-glfw\3.3.3\lwjgl-glfw-3.3.3.jar;C:\Users\Gabriel\.m2\repository\org\lwjgl\lwjgl-nanovg\3.3.3\lwjgl-nanovg-3.3.3.jar;C:\Users\Gabriel\.m2\repository\org\lwjgl\lwjgl-nuklear\3.3.3\lwjgl-nuklear-3.3.3.jar;C:\Users\Gabriel\.m2\repository\org\lwjgl\lwjgl-openal\3.3.3\lwjgl-openal-3.3.3.jar;C:\Users\Gabriel\.m2\repository\org\lwjgl\lwjgl-opengl\3.3.3\lwjgl-opengl-3.3.3.jar;C:\Users\Gabriel\.m2\repository\org\lwjgl\lwjgl-par\3.3.3\lwjgl-par-3.3.3.jar;C:\Users\Gabriel\.m2\repository\org\lwjgl\lwjgl-stb\3.3.3\lwjgl-stb-3.3.3.jar;C:\Users\Gabriel\.m2\repository\org\lwjgl\lwjgl-vulkan\3.3.3\lwjgl-vulkan-3.3.3.jar;C:\Users\Gabriel\.m2\repository\org\lwjgl\lwjgl\3.3.3\lwjgl-3.3.3-natives-windows.jar;C:\Users\Gabriel\.m2\repository\org\lwjgl\lwjgl-assimp\3.3.3\lwjgl-assimp-3.3.3-natives-windows.jar;C:\Users\Gabriel\.m2\repository\org\lwjgl\lwjgl-bgfx\3.3.3\lwjgl-bgfx-3.3.3-natives-windows.jar;C:\Users\Gabriel\.m2\repository\org\lwjgl\lwjgl-glfw\3.3.3\lwjgl-glfw-3.3.3-natives-windows.jar;C:\Users\Gabriel\.m2\repository\org\lwjgl\lwjgl-nanovg\3.3.3\lwjgl-nanovg-3.3.3-natives-windows.jar;C:\Users\Gabriel\.m2\repository\org\lwjgl\lwjgl-nuklear\3.3.3\lwjgl-nuklear-3.3.3-natives-windows.jar;C:\Users\Gabriel\.m2\repository\org\lwjgl\lwjgl-openal\3.3.3\lwjgl-openal-3.3.3-natives-windows.jar;C:\Users\Gabriel\.m2\repository\org\lwjgl\lwjgl-opengl\3.3.3\lwjgl-opengl-3.3.3-natives-windows.jar;C:\Users\Gabriel\.m2\repository\org\lwjgl\lwjgl-par\3.3.3\lwjgl-par-3.3.3-natives-windows.jar;C:\Users\Gabriel\.m2\repository\org\lwjgl\lwjgl-stb\3.3.3\lwjgl-stb-3.3.3-natives-windows.jar;C:\Users\Gabriel\.m2\repository\org\joml\joml\1.10.5\joml-1.10.5.jar;C:\Users\Gabriel\.m2\repository\org\lwjglx\lwjgl3-awt\0.1.8\lwjgl3-awt-0.1.8.jar;C:\Users\Gabriel\.m2\repository\org\lwjgl\lwjgl-jawt\3.3.3\lwjgl-jawt-3.3.3.jar;C:\Users\Gabriel\.m2\repository\org\l33tlabs\twl\pngdecoder\1.0\pngdecoder-1.0.jar;C:\Users\Gabriel\.m2\repository\io\github\spair\imgui-java-app\1.86.11\imgui-java-app-1.86.11.jar;C:\Users\Gabriel\.m2\repository\org\lwjgl\lwjgl\3.3.3\lwjgl-3.3.3-natives-linux.jar;C:\Users\Gabriel\.m2\repository\org\lwjgl\lwjgl-glfw\3.3.3\lwjgl-glfw-3.3.3-natives-linux.jar;C:\Users\Gabriel\.m2\repository\org\lwjgl\lwjgl-opengl\3.3.3\lwjgl-opengl-3.3.3-natives-linux.jar;C:\Users\Gabriel\.m2\repository\org\lwjgl\lwjgl\3.3.3\lwjgl-3.3.3-natives-macos.jar;C:\Users\Gabriel\.m2\repository\org\lwjgl\lwjgl-glfw\3.3.3\lwjgl-glfw-3.3.3-natives-macos.jar;C:\Users\Gabriel\.m2\repository\org\lwjgl\lwjgl-opengl\3.3.3\lwjgl-opengl-3.3.3-natives-macos.jar;C:\Users\Gabriel\.m2\repository\io\github\spair\imgui-java-binding\1.86.11\imgui-java-binding-1.86.11.jar;C:\Users\Gabriel\.m2\repository\io\github\spair\imgui-java-lwjgl3\1.86.11\imgui-java-lwjgl3-1.86.11.jar
Launcher Type: SUN_STANDARD

[Global flags]
     intx CICompilerCount                          = 3                                         {product} {ergonomic}
     uint ConcGCThreads                            = 2                                         {product} {ergonomic}
     uint G1ConcRefinementThreads                  = 6                                         {product} {ergonomic}
   size_t G1HeapRegionSize                         = 2097152                                   {product} {ergonomic}
    uintx GCDrainStackTargetSize                   = 64                                        {product} {ergonomic}
   size_t InitialHeapSize                          = 268435456                                 {product} {ergonomic}
   size_t MarkStackSize                            = 4194304                                   {product} {ergonomic}
   size_t MaxHeapSize                              = 4278190080                                {product} {ergonomic}
   size_t MaxNewSize                               = 2566914048                                {product} {ergonomic}
   size_t MinHeapDeltaBytes                        = 2097152                                   {product} {ergonomic}
   size_t MinHeapSize                              = 8388608                                   {product} {ergonomic}
    uintx NonNMethodCodeHeapSize                   = 5832780                                {pd product} {ergonomic}
    uintx NonProfiledCodeHeapSize                  = 122912730                              {pd product} {ergonomic}
    uintx ProfiledCodeHeapSize                     = 122912730                              {pd product} {ergonomic}
    uintx ReservedCodeCacheSize                    = 251658240                              {pd product} {ergonomic}
     bool SegmentedCodeCache                       = true                                      {product} {ergonomic}
   size_t SoftMaxHeapSize                          = 4278190080                             {manageable} {ergonomic}
     bool UseCompressedClassPointers               = true                           {product lp64_product} {ergonomic}
     bool UseCompressedOops                        = true                           {product lp64_product} {ergonomic}
     bool UseG1GC                                  = true                                      {product} {ergonomic}
     bool UseLargePagesIndividualAllocation        = false                                  {pd product} {ergonomic}

Logging:
Log output configuration:
 #0: stdout all=warning uptime,level,tags foldmultilines=false
 #1: stderr all=off uptime,level,tags foldmultilines=false

Environment Variables:
PATH=C:\WINDOWS\system32;C:\WINDOWS;C:\WINDOWS\System32\Wbem;C:\WINDOWS\System32\WindowsPowerShell\v1.0\;C:\WINDOWS\System32\OpenSSH\;C:\Program Files\NVIDIA Corporation\NVIDIA NvDLISR;C:\Program Files\dotnet\;C:\Program Files (x86)\NVIDIA Corporation\PhysX\Common;C:\ProgramData\chocolatey\bin;C:\tools\Manim\Scripts;C:\Program Files\Git\cmd;C:\Users\Gabriel\AppData\Local\Programs\Python\Python310\Scripts\;C:\Users\Gabriel\AppData\Local\Programs\Python\Python310\;C:\Users\Gabriel\AppData\Local\Programs\Python\Launcher\;C:\Users\Gabriel\AppData\Local\Microsoft\WindowsApps;C:\Users\Gabriel\.dotnet\tools;C:\Program Files\JetBrains\IntelliJ IDEA Community Edition 2024.2.0.2\bin;;D:\VSCode\Microsoft VS Code\bin;C:\Program Files\JetBrains\PyCharm Community Edition 2024.3\bin;
USERNAME=Gabriel
OS=Windows_NT
PROCESSOR_IDENTIFIER=Intel64 Family 6 Model 158 Stepping 10, GenuineIntel
TMP=C:\Users\Gabriel\AppData\Local\Temp
TEMP=C:\Users\Gabriel\AppData\Local\Temp



---------------  S Y S T E M  ---------------

OS:
 Windows 11 , 64 bit Build 22621 (10.0.22621.4391)
OS uptime: 5 days 23:54 hours

CPU: total 6 (initial active 6) (6 cores per cpu, 1 threads per core) family 6 model 158 stepping 10 microcode 0xde, cx8, cmov, fxsr, mmx, 3dnowpref, sse, sse2, sse3, ssse3, sse4.1, sse4.2, popcnt, lzcnt, tsc, tscinvbit, avx, avx2, aes, erms, clmul, bmi1, bmi2, adx, fma, vzeroupper, clflush, clflushopt, rdtscp

Memory: 4k page, system-wide physical 16317M (7421M free)
TotalPageFile size 24652M (AvailPageFile size 10045M)
current process WorkingSet (physical memory assigned to process): 191M, peak: 191M
current process commit charge ("private bytes"): 417M, peak: 417M

vm_info: OpenJDK 64-Bit Server VM (19.0.2+7-FR) for windows-amd64 JRE (19.0.2+7-FR), built on Jan 13 2023 22:53:32 by "Administrator" with MS VC++ 15.9 (VS2017)

END.
